The system is: Linux - 6.6.87.2-microsoft-standard-WSL2 - x86_64
Compiling the C compiler identification source file "CMakeCCompilerId.c" succeeded.
Compiler: /usr/bin/cc 
Build flags: ;-ffunction-sections;-fdata-sections;-fPIC;-m64
Id flags:  

The output was:
0


Compilation of the C compiler identification source "CMakeCCompilerId.c" produced "a.out"

The C compiler identification is GNU, found in "/home/lukas/git/notsureyet/client/target/debug/build/libzmq-sys-6233d8a1394670a2/out/build/CMakeFiles/3.25.1/CompilerIdC/a.out"

Detecting C compiler ABI info compiled with the following output:
Change Dir: /home/lukas/git/notsureyet/client/target/debug/build/libzmq-sys-6233d8a1394670a2/out/build/CMakeFiles/CMakeScratch/TryCompile-VEXOZ7

Run Build Command(s):/usr/bin/gmake -f Makefile cmTC_a3176/fast && /usr/bin/gmake  -f CMakeFiles/cmTC_a3176.dir/build.make CMakeFiles/cmTC_a3176.dir/build
gmake[1]: Entering directory '/home/lukas/git/notsureyet/client/target/debug/build/libzmq-sys-6233d8a1394670a2/out/build/CMakeFiles/CMakeScratch/TryCompile-VEXOZ7'
Building C object CMakeFiles/cmTC_a3176.dir/CMakeCCompilerABI.c.o
/usr/bin/cc   -ffunction-sections -fdata-sections -fPIC -m64    -v -o CMakeFiles/cmTC_a3176.dir/CMakeCCompilerABI.c.o -c /usr/share/cmake-3.25/Modules/CMakeCCompilerABI.c
Using built-in specs.
COLLECT_GCC=/usr/bin/cc
OFFLOAD_TARGET_NAMES=nvptx-none:amdgcn-amdhsa
OFFLOAD_TARGET_DEFAULT=1
Target: x86_64-linux-gnu
Configured with: ../src/configure -v --with-pkgversion='Debian 12.2.0-14+deb12u1' --with-bugurl=file:///usr/share/doc/gcc-12/README.Bugs --enable-languages=c,ada,c++,go,d,fortran,objc,obj-c++,m2 --prefix=/usr --with-gcc-major-version-only --program-suffix=-12 --program-prefix=x86_64-linux-gnu- --enable-shared --enable-linker-build-id --libexecdir=/usr/lib --without-included-gettext --enable-threads=posix --libdir=/usr/lib --enable-nls --enable-clocale=gnu --enable-libstdcxx-debug --enable-libstdcxx-time=yes --with-default-libstdcxx-abi=new --enable-gnu-unique-object --disable-vtable-verify --enable-plugin --enable-default-pie --with-system-zlib --enable-libphobos-checking=release --with-target-system-zlib=auto --enable-objc-gc=auto --enable-multiarch --disable-werror --enable-cet --with-arch-32=i686 --with-abi=m64 --with-multilib-list=m32,m64,mx32 --enable-multilib --with-tune=generic --enable-offload-targets=nvptx-none=/build/reproducible-path/gcc-12-12.2.0/debian/tmp-nvptx/usr,amdgcn-amdhsa=/build/reproducible-path/gcc-12-12.2.0/debian/tmp-gcn/usr --enable-offload-defaulted --without-cuda-driver --enable-checking=release --build=x86_64-linux-gnu --host=x86_64-linux-gnu --target=x86_64-linux-gnu
Thread model: posix
Supported LTO compression algorithms: zlib zstd
gcc version 12.2.0 (Debian 12.2.0-14+deb12u1) 
COLLECT_GCC_OPTIONS='-ffunction-sections' '-fdata-sections' '-fPIC' '-m64' '-v' '-o' 'CMakeFiles/cmTC_a3176.dir/CMakeCCompilerABI.c.o' '-c' '-mtune=generic' '-march=x86-64' '-dumpdir' 'CMakeFiles/cmTC_a3176.dir/'
 /usr/lib/gcc/x86_64-linux-gnu/12/cc1 -quiet -v -imultiarch x86_64-linux-gnu /usr/share/cmake-3.25/Modules/CMakeCCompilerABI.c -quiet -dumpdir CMakeFiles/cmTC_a3176.dir/ -dumpbase CMakeCCompilerABI.c.c -dumpbase-ext .c -m64 -mtune=generic -march=x86-64 -version -ffunction-sections -fdata-sections -fPIC -fasynchronous-unwind-tables -o /tmp/ccCc5dif.s
GNU C17 (Debian 12.2.0-14+deb12u1) version 12.2.0 (x86_64-linux-gnu)
	compiled by GNU C version 12.2.0, GMP version 6.2.1, MPFR version 4.2.0, MPC version 1.3.1, isl version isl-0.25-GMP

GGC heuristics: --param ggc-min-expand=100 --param ggc-min-heapsize=131072
ignoring nonexistent directory "/usr/local/include/x86_64-linux-gnu"
ignoring nonexistent directory "/usr/lib/gcc/x86_64-linux-gnu/12/include-fixed"
ignoring nonexistent directory "/usr/lib/gcc/x86_64-linux-gnu/12/../../../../x86_64-linux-gnu/include"
#include "..." search starts here:
#include <...> search starts here:
 /usr/lib/gcc/x86_64-linux-gnu/12/include
 /usr/local/include
 /usr/include/x86_64-linux-gnu
 /usr/include
End of search list.
GNU C17 (Debian 12.2.0-14+deb12u1) version 12.2.0 (x86_64-linux-gnu)
	compiled by GNU C version 12.2.0, GMP version 6.2.1, MPFR version 4.2.0, MPC version 1.3.1, isl version isl-0.25-GMP

GGC heuristics: --param ggc-min-expand=100 --param ggc-min-heapsize=131072
Compiler executable checksum: df5cb71f7b1353aac39c2b59ae45fa4a
COLLECT_GCC_OPTIONS='-ffunction-sections' '-fdata-sections' '-fPIC' '-m64' '-v' '-o' 'CMakeFiles/cmTC_a3176.dir/CMakeCCompilerABI.c.o' '-c' '-mtune=generic' '-march=x86-64' '-dumpdir' 'CMakeFiles/cmTC_a3176.dir/'
 as -v --64 -o CMakeFiles/cmTC_a3176.dir/CMakeCCompilerABI.c.o /tmp/ccCc5dif.s
GNU assembler version 2.40 (x86_64-linux-gnu) using BFD version (GNU Binutils for Debian) 2.40
COMPILER_PATH=/usr/lib/gcc/x86_64-linux-gnu/12/:/usr/lib/gcc/x86_64-linux-gnu/12/:/usr/lib/gcc/x86_64-linux-gnu/:/usr/lib/gcc/x86_64-linux-gnu/12/:/usr/lib/gcc/x86_64-linux-gnu/
LIBRARY_PATH=/usr/lib/gcc/x86_64-linux-gnu/12/:/usr/lib/gcc/x86_64-linux-gnu/12/../../../x86_64-linux-gnu/:/usr/lib/gcc/x86_64-linux-gnu/12/../../../../lib/:/lib/x86_64-linux-gnu/:/lib/../lib/:/usr/lib/x86_64-linux-gnu/:/usr/lib/../lib/:/usr/lib/gcc/x86_64-linux-gnu/12/../../../:/lib/:/usr/lib/
COLLECT_GCC_OPTIONS='-ffunction-sections' '-fdata-sections' '-fPIC' '-m64' '-v' '-o' 'CMakeFiles/cmTC_a3176.dir/CMakeCCompilerABI.c.o' '-c' '-mtune=generic' '-march=x86-64' '-dumpdir' 'CMakeFiles/cmTC_a3176.dir/CMakeCCompilerABI.c.'
Linking C executable cmTC_a3176
/usr/bin/cmake -E cmake_link_script CMakeFiles/cmTC_a3176.dir/link.txt --verbose=1
/usr/bin/cc  -ffunction-sections -fdata-sections -fPIC -m64   -v -rdynamic CMakeFiles/cmTC_a3176.dir/CMakeCCompilerABI.c.o -o cmTC_a3176 
Using built-in specs.
COLLECT_GCC=/usr/bin/cc
COLLECT_LTO_WRAPPER=/usr/lib/gcc/x86_64-linux-gnu/12/lto-wrapper
OFFLOAD_TARGET_NAMES=nvptx-none:amdgcn-amdhsa
OFFLOAD_TARGET_DEFAULT=1
Target: x86_64-linux-gnu
Configured with: ../src/configure -v --with-pkgversion='Debian 12.2.0-14+deb12u1' --with-bugurl=file:///usr/share/doc/gcc-12/README.Bugs --enable-languages=c,ada,c++,go,d,fortran,objc,obj-c++,m2 --prefix=/usr --with-gcc-major-version-only --program-suffix=-12 --program-prefix=x86_64-linux-gnu- --enable-shared --enable-linker-build-id --libexecdir=/usr/lib --without-included-gettext --enable-threads=posix --libdir=/usr/lib --enable-nls --enable-clocale=gnu --enable-libstdcxx-debug --enable-libstdcxx-time=yes --with-default-libstdcxx-abi=new --enable-gnu-unique-object --disable-vtable-verify --enable-plugin --enable-default-pie --with-system-zlib --enable-libphobos-checking=release --with-target-system-zlib=auto --enable-objc-gc=auto --enable-multiarch --disable-werror --enable-cet --with-arch-32=i686 --with-abi=m64 --with-multilib-list=m32,m64,mx32 --enable-multilib --with-tune=generic --enable-offload-targets=nvptx-none=/build/reproducible-path/gcc-12-12.2.0/debian/tmp-nvptx/usr,amdgcn-amdhsa=/build/reproducible-path/gcc-12-12.2.0/debian/tmp-gcn/usr --enable-offload-defaulted --without-cuda-driver --enable-checking=release --build=x86_64-linux-gnu --host=x86_64-linux-gnu --target=x86_64-linux-gnu
Thread model: posix
Supported LTO compression algorithms: zlib zstd
gcc version 12.2.0 (Debian 12.2.0-14+deb12u1) 
COMPILER_PATH=/usr/lib/gcc/x86_64-linux-gnu/12/:/usr/lib/gcc/x86_64-linux-gnu/12/:/usr/lib/gcc/x86_64-linux-gnu/:/usr/lib/gcc/x86_64-linux-gnu/12/:/usr/lib/gcc/x86_64-linux-gnu/
LIBRARY_PATH=/usr/lib/gcc/x86_64-linux-gnu/12/:/usr/lib/gcc/x86_64-linux-gnu/12/../../../x86_64-linux-gnu/:/usr/lib/gcc/x86_64-linux-gnu/12/../../../../lib/:/lib/x86_64-linux-gnu/:/lib/../lib/:/usr/lib/x86_64-linux-gnu/:/usr/lib/../lib/:/usr/lib/gcc/x86_64-linux-gnu/12/../../../:/lib/:/usr/lib/
COLLECT_GCC_OPTIONS='-ffunction-sections' '-fdata-sections' '-fPIC' '-m64' '-v' '-rdynamic' '-o' 'cmTC_a3176' '-mtune=generic' '-march=x86-64' '-dumpdir' 'cmTC_a3176.'
 /usr/lib/gcc/x86_64-linux-gnu/12/collect2 -plugin /usr/lib/gcc/x86_64-linux-gnu/12/liblto_plugin.so -plugin-opt=/usr/lib/gcc/x86_64-linux-gnu/12/lto-wrapper -plugin-opt=-fresolution=/tmp/ccNnpucn.res -plugin-opt=-pass-through=-lgcc -plugin-opt=-pass-through=-lgcc_s -plugin-opt=-pass-through=-lc -plugin-opt=-pass-through=-lgcc -plugin-opt=-pass-through=-lgcc_s --build-id --eh-frame-hdr -m elf_x86_64 --hash-style=gnu --as-needed -export-dynamic -dynamic-linker /lib64/ld-linux-x86-64.so.2 -pie -o cmTC_a3176 /usr/lib/gcc/x86_64-linux-gnu/12/../../../x86_64-linux-gnu/Scrt1.o /usr/lib/gcc/x86_64-linux-gnu/12/../../../x86_64-linux-gnu/crti.o /usr/lib/gcc/x86_64-linux-gnu/12/crtbeginS.o -L/usr/lib/gcc/x86_64-linux-gnu/12 -L/usr/lib/gcc/x86_64-linux-gnu/12/../../../x86_64-linux-gnu -L/usr/lib/gcc/x86_64-linux-gnu/12/../../../../lib -L/lib/x86_64-linux-gnu -L/lib/../lib -L/usr/lib/x86_64-linux-gnu -L/usr/lib/../lib -L/usr/lib/gcc/x86_64-linux-gnu/12/../../.. CMakeFiles/cmTC_a3176.dir/CMakeCCompilerABI.c.o -lgcc --push-state --as-needed -lgcc_s --pop-state -lc -lgcc --push-state --as-needed -lgcc_s --pop-state /usr/lib/gcc/x86_64-linux-gnu/12/crtendS.o /usr/lib/gcc/x86_64-linux-gnu/12/../../../x86_64-linux-gnu/crtn.o
COLLECT_GCC_OPTIONS='-ffunction-sections' '-fdata-sections' '-fPIC' '-m64' '-v' '-rdynamic' '-o' 'cmTC_a3176' '-mtune=generic' '-march=x86-64' '-dumpdir' 'cmTC_a3176.'
gmake[1]: Leaving directory '/home/lukas/git/notsureyet/client/target/debug/build/libzmq-sys-6233d8a1394670a2/out/build/CMakeFiles/CMakeScratch/TryCompile-VEXOZ7'



Parsed C implicit include dir info from above output: rv=done
  found start of include info
  found start of implicit include info
    add: [/usr/lib/gcc/x86_64-linux-gnu/12/include]
    add: [/usr/local/include]
    add: [/usr/include/x86_64-linux-gnu]
    add: [/usr/include]
  end of search list found
  collapse include dir [/usr/lib/gcc/x86_64-linux-gnu/12/include] ==> [/usr/lib/gcc/x86_64-linux-gnu/12/include]
  collapse include dir [/usr/local/include] ==> [/usr/local/include]
  collapse include dir [/usr/include/x86_64-linux-gnu] ==> [/usr/include/x86_64-linux-gnu]
  collapse include dir [/usr/include] ==> [/usr/include]
  implicit include dirs: [/usr/lib/gcc/x86_64-linux-gnu/12/include;/usr/local/include;/usr/include/x86_64-linux-gnu;/usr/include]


Parsed C implicit link information from above output:
  link line regex: [^( *|.*[/\])(ld|CMAKE_LINK_STARTFILE-NOTFOUND|([^/\]+-)?ld|collect2)[^/\]*( |$)]
  ignore line: [Change Dir: /home/lukas/git/notsureyet/client/target/debug/build/libzmq-sys-6233d8a1394670a2/out/build/CMakeFiles/CMakeScratch/TryCompile-VEXOZ7]
  ignore line: []
  ignore line: [Run Build Command(s):/usr/bin/gmake -f Makefile cmTC_a3176/fast && /usr/bin/gmake  -f CMakeFiles/cmTC_a3176.dir/build.make CMakeFiles/cmTC_a3176.dir/build]
  ignore line: [gmake[1]: Entering directory '/home/lukas/git/notsureyet/client/target/debug/build/libzmq-sys-6233d8a1394670a2/out/build/CMakeFiles/CMakeScratch/TryCompile-VEXOZ7']
  ignore line: [Building C object CMakeFiles/cmTC_a3176.dir/CMakeCCompilerABI.c.o]
  ignore line: [/usr/bin/cc   -ffunction-sections -fdata-sections -fPIC -m64    -v -o CMakeFiles/cmTC_a3176.dir/CMakeCCompilerABI.c.o -c /usr/share/cmake-3.25/Modules/CMakeCCompilerABI.c]
  ignore line: [Using built-in specs.]
  ignore line: [COLLECT_GCC=/usr/bin/cc]
  ignore line: [OFFLOAD_TARGET_NAMES=nvptx-none:amdgcn-amdhsa]
  ignore line: [OFFLOAD_TARGET_DEFAULT=1]
  ignore line: [Target: x86_64-linux-gnu]
  ignore line: [Configured with: ../src/configure -v --with-pkgversion='Debian 12.2.0-14+deb12u1' --with-bugurl=file:///usr/share/doc/gcc-12/README.Bugs --enable-languages=c ada c++ go d fortran objc obj-c++ m2 --prefix=/usr --with-gcc-major-version-only --program-suffix=-12 --program-prefix=x86_64-linux-gnu- --enable-shared --enable-linker-build-id --libexecdir=/usr/lib --without-included-gettext --enable-threads=posix --libdir=/usr/lib --enable-nls --enable-clocale=gnu --enable-libstdcxx-debug --enable-libstdcxx-time=yes --with-default-libstdcxx-abi=new --enable-gnu-unique-object --disable-vtable-verify --enable-plugin --enable-default-pie --with-system-zlib --enable-libphobos-checking=release --with-target-system-zlib=auto --enable-objc-gc=auto --enable-multiarch --disable-werror --enable-cet --with-arch-32=i686 --with-abi=m64 --with-multilib-list=m32 m64 mx32 --enable-multilib --with-tune=generic --enable-offload-targets=nvptx-none=/build/reproducible-path/gcc-12-12.2.0/debian/tmp-nvptx/usr amdgcn-amdhsa=/build/reproducible-path/gcc-12-12.2.0/debian/tmp-gcn/usr --enable-offload-defaulted --without-cuda-driver --enable-checking=release --build=x86_64-linux-gnu --host=x86_64-linux-gnu --target=x86_64-linux-gnu]
  ignore line: [Thread model: posix]
  ignore line: [Supported LTO compression algorithms: zlib zstd]
  ignore line: [gcc version 12.2.0 (Debian 12.2.0-14+deb12u1) ]
  ignore line: [COLLECT_GCC_OPTIONS='-ffunction-sections' '-fdata-sections' '-fPIC' '-m64' '-v' '-o' 'CMakeFiles/cmTC_a3176.dir/CMakeCCompilerABI.c.o' '-c' '-mtune=generic' '-march=x86-64' '-dumpdir' 'CMakeFiles/cmTC_a3176.dir/']
  ignore line: [ /usr/lib/gcc/x86_64-linux-gnu/12/cc1 -quiet -v -imultiarch x86_64-linux-gnu /usr/share/cmake-3.25/Modules/CMakeCCompilerABI.c -quiet -dumpdir CMakeFiles/cmTC_a3176.dir/ -dumpbase CMakeCCompilerABI.c.c -dumpbase-ext .c -m64 -mtune=generic -march=x86-64 -version -ffunction-sections -fdata-sections -fPIC -fasynchronous-unwind-tables -o /tmp/ccCc5dif.s]
  ignore line: [GNU C17 (Debian 12.2.0-14+deb12u1) version 12.2.0 (x86_64-linux-gnu)]
  ignore line: [	compiled by GNU C version 12.2.0  GMP version 6.2.1  MPFR version 4.2.0  MPC version 1.3.1  isl version isl-0.25-GMP]
  ignore line: []
  ignore line: [GGC heuristics: --param ggc-min-expand=100 --param ggc-min-heapsize=131072]
  ignore line: [ignoring nonexistent directory "/usr/local/include/x86_64-linux-gnu"]
  ignore line: [ignoring nonexistent directory "/usr/lib/gcc/x86_64-linux-gnu/12/include-fixed"]
  ignore line: [ignoring nonexistent directory "/usr/lib/gcc/x86_64-linux-gnu/12/../../../../x86_64-linux-gnu/include"]
  ignore line: [#include "..." search starts here:]
  ignore line: [#include <...> search starts here:]
  ignore line: [ /usr/lib/gcc/x86_64-linux-gnu/12/include]
  ignore line: [ /usr/local/include]
  ignore line: [ /usr/include/x86_64-linux-gnu]
  ignore line: [ /usr/include]
  ignore line: [End of search list.]
  ignore line: [GNU C17 (Debian 12.2.0-14+deb12u1) version 12.2.0 (x86_64-linux-gnu)]
  ignore line: [	compiled by GNU C version 12.2.0  GMP version 6.2.1  MPFR version 4.2.0  MPC version 1.3.1  isl version isl-0.25-GMP]
  ignore line: []
  ignore line: [GGC heuristics: --param ggc-min-expand=100 --param ggc-min-heapsize=131072]
  ignore line: [Compiler executable checksum: df5cb71f7b1353aac39c2b59ae45fa4a]
  ignore line: [COLLECT_GCC_OPTIONS='-ffunction-sections' '-fdata-sections' '-fPIC' '-m64' '-v' '-o' 'CMakeFiles/cmTC_a3176.dir/CMakeCCompilerABI.c.o' '-c' '-mtune=generic' '-march=x86-64' '-dumpdir' 'CMakeFiles/cmTC_a3176.dir/']
  ignore line: [ as -v --64 -o CMakeFiles/cmTC_a3176.dir/CMakeCCompilerABI.c.o /tmp/ccCc5dif.s]
  ignore line: [GNU assembler version 2.40 (x86_64-linux-gnu) using BFD version (GNU Binutils for Debian) 2.40]
  ignore line: [COMPILER_PATH=/usr/lib/gcc/x86_64-linux-gnu/12/:/usr/lib/gcc/x86_64-linux-gnu/12/:/usr/lib/gcc/x86_64-linux-gnu/:/usr/lib/gcc/x86_64-linux-gnu/12/:/usr/lib/gcc/x86_64-linux-gnu/]
  ignore line: [LIBRARY_PATH=/usr/lib/gcc/x86_64-linux-gnu/12/:/usr/lib/gcc/x86_64-linux-gnu/12/../../../x86_64-linux-gnu/:/usr/lib/gcc/x86_64-linux-gnu/12/../../../../lib/:/lib/x86_64-linux-gnu/:/lib/../lib/:/usr/lib/x86_64-linux-gnu/:/usr/lib/../lib/:/usr/lib/gcc/x86_64-linux-gnu/12/../../../:/lib/:/usr/lib/]
  ignore line: [COLLECT_GCC_OPTIONS='-ffunction-sections' '-fdata-sections' '-fPIC' '-m64' '-v' '-o' 'CMakeFiles/cmTC_a3176.dir/CMakeCCompilerABI.c.o' '-c' '-mtune=generic' '-march=x86-64' '-dumpdir' 'CMakeFiles/cmTC_a3176.dir/CMakeCCompilerABI.c.']
  ignore line: [Linking C executable cmTC_a3176]
  ignore line: [/usr/bin/cmake -E cmake_link_script CMakeFiles/cmTC_a3176.dir/link.txt --verbose=1]
  ignore line: [/usr/bin/cc  -ffunction-sections -fdata-sections -fPIC -m64   -v -rdynamic CMakeFiles/cmTC_a3176.dir/CMakeCCompilerABI.c.o -o cmTC_a3176 ]
  ignore line: [Using built-in specs.]
  ignore line: [COLLECT_GCC=/usr/bin/cc]
  ignore line: [COLLECT_LTO_WRAPPER=/usr/lib/gcc/x86_64-linux-gnu/12/lto-wrapper]
  ignore line: [OFFLOAD_TARGET_NAMES=nvptx-none:amdgcn-amdhsa]
  ignore line: [OFFLOAD_TARGET_DEFAULT=1]
  ignore line: [Target: x86_64-linux-gnu]
  ignore line: [Configured with: ../src/configure -v --with-pkgversion='Debian 12.2.0-14+deb12u1' --with-bugurl=file:///usr/share/doc/gcc-12/README.Bugs --enable-languages=c ada c++ go d fortran objc obj-c++ m2 --prefix=/usr --with-gcc-major-version-only --program-suffix=-12 --program-prefix=x86_64-linux-gnu- --enable-shared --enable-linker-build-id --libexecdir=/usr/lib --without-included-gettext --enable-threads=posix --libdir=/usr/lib --enable-nls --enable-clocale=gnu --enable-libstdcxx-debug --enable-libstdcxx-time=yes --with-default-libstdcxx-abi=new --enable-gnu-unique-object --disable-vtable-verify --enable-plugin --enable-default-pie --with-system-zlib --enable-libphobos-checking=release --with-target-system-zlib=auto --enable-objc-gc=auto --enable-multiarch --disable-werror --enable-cet --with-arch-32=i686 --with-abi=m64 --with-multilib-list=m32 m64 mx32 --enable-multilib --with-tune=generic --enable-offload-targets=nvptx-none=/build/reproducible-path/gcc-12-12.2.0/debian/tmp-nvptx/usr amdgcn-amdhsa=/build/reproducible-path/gcc-12-12.2.0/debian/tmp-gcn/usr --enable-offload-defaulted --without-cuda-driver --enable-checking=release --build=x86_64-linux-gnu --host=x86_64-linux-gnu --target=x86_64-linux-gnu]
  ignore line: [Thread model: posix]
  ignore line: [Supported LTO compression algorithms: zlib zstd]
  ignore line: [gcc version 12.2.0 (Debian 12.2.0-14+deb12u1) ]
  ignore line: [COMPILER_PATH=/usr/lib/gcc/x86_64-linux-gnu/12/:/usr/lib/gcc/x86_64-linux-gnu/12/:/usr/lib/gcc/x86_64-linux-gnu/:/usr/lib/gcc/x86_64-linux-gnu/12/:/usr/lib/gcc/x86_64-linux-gnu/]
  ignore line: [LIBRARY_PATH=/usr/lib/gcc/x86_64-linux-gnu/12/:/usr/lib/gcc/x86_64-linux-gnu/12/../../../x86_64-linux-gnu/:/usr/lib/gcc/x86_64-linux-gnu/12/../../../../lib/:/lib/x86_64-linux-gnu/:/lib/../lib/:/usr/lib/x86_64-linux-gnu/:/usr/lib/../lib/:/usr/lib/gcc/x86_64-linux-gnu/12/../../../:/lib/:/usr/lib/]
  ignore line: [COLLECT_GCC_OPTIONS='-ffunction-sections' '-fdata-sections' '-fPIC' '-m64' '-v' '-rdynamic' '-o' 'cmTC_a3176' '-mtune=generic' '-march=x86-64' '-dumpdir' 'cmTC_a3176.']
  link line: [ /usr/lib/gcc/x86_64-linux-gnu/12/collect2 -plugin /usr/lib/gcc/x86_64-linux-gnu/12/liblto_plugin.so -plugin-opt=/usr/lib/gcc/x86_64-linux-gnu/12/lto-wrapper -plugin-opt=-fresolution=/tmp/ccNnpucn.res -plugin-opt=-pass-through=-lgcc -plugin-opt=-pass-through=-lgcc_s -plugin-opt=-pass-through=-lc -plugin-opt=-pass-through=-lgcc -plugin-opt=-pass-through=-lgcc_s --build-id --eh-frame-hdr -m elf_x86_64 --hash-style=gnu --as-needed -export-dynamic -dynamic-linker /lib64/ld-linux-x86-64.so.2 -pie -o cmTC_a3176 /usr/lib/gcc/x86_64-linux-gnu/12/../../../x86_64-linux-gnu/Scrt1.o /usr/lib/gcc/x86_64-linux-gnu/12/../../../x86_64-linux-gnu/crti.o /usr/lib/gcc/x86_64-linux-gnu/12/crtbeginS.o -L/usr/lib/gcc/x86_64-linux-gnu/12 -L/usr/lib/gcc/x86_64-linux-gnu/12/../../../x86_64-linux-gnu -L/usr/lib/gcc/x86_64-linux-gnu/12/../../../../lib -L/lib/x86_64-linux-gnu -L/lib/../lib -L/usr/lib/x86_64-linux-gnu -L/usr/lib/../lib -L/usr/lib/gcc/x86_64-linux-gnu/12/../../.. CMakeFiles/cmTC_a3176.dir/CMakeCCompilerABI.c.o -lgcc --push-state --as-needed -lgcc_s --pop-state -lc -lgcc --push-state --as-needed -lgcc_s --pop-state /usr/lib/gcc/x86_64-linux-gnu/12/crtendS.o /usr/lib/gcc/x86_64-linux-gnu/12/../../../x86_64-linux-gnu/crtn.o]
    arg [/usr/lib/gcc/x86_64-linux-gnu/12/collect2] ==> ignore
    arg [-plugin] ==> ignore
    arg [/usr/lib/gcc/x86_64-linux-gnu/12/liblto_plugin.so] ==> ignore
    arg [-plugin-opt=/usr/lib/gcc/x86_64-linux-gnu/12/lto-wrapper] ==> ignore
    arg [-plugin-opt=-fresolution=/tmp/ccNnpucn.res] ==> ignore
    arg [-plugin-opt=-pass-through=-lgcc] ==> ignore
    arg [-plugin-opt=-pass-through=-lgcc_s] ==> ignore
    arg [-plugin-opt=-pass-through=-lc] ==> ignore
    arg [-plugin-opt=-pass-through=-lgcc] ==> ignore
    arg [-plugin-opt=-pass-through=-lgcc_s] ==> ignore
    arg [--build-id] ==> ignore
    arg [--eh-frame-hdr] ==> ignore
    arg [-m] ==> ignore
    arg [elf_x86_64] ==> ignore
    arg [--hash-style=gnu] ==> ignore
    arg [--as-needed] ==> ignore
    arg [-export-dynamic] ==> ignore
    arg [-dynamic-linker] ==> ignore
    arg [/lib64/ld-linux-x86-64.so.2] ==> ignore
    arg [-pie] ==> ignore
    arg [-o] ==> ignore
    arg [cmTC_a3176] ==> ignore
    arg [/usr/lib/gcc/x86_64-linux-gnu/12/../../../x86_64-linux-gnu/Scrt1.o] ==> obj [/usr/lib/gcc/x86_64-linux-gnu/12/../../../x86_64-linux-gnu/Scrt1.o]
    arg [/usr/lib/gcc/x86_64-linux-gnu/12/../../../x86_64-linux-gnu/crti.o] ==> obj [/usr/lib/gcc/x86_64-linux-gnu/12/../../../x86_64-linux-gnu/crti.o]
    arg [/usr/lib/gcc/x86_64-linux-gnu/12/crtbeginS.o] ==> obj [/usr/lib/gcc/x86_64-linux-gnu/12/crtbeginS.o]
    arg [-L/usr/lib/gcc/x86_64-linux-gnu/12] ==> dir [/usr/lib/gcc/x86_64-linux-gnu/12]
    arg [-L/usr/lib/gcc/x86_64-linux-gnu/12/../../../x86_64-linux-gnu] ==> dir [/usr/lib/gcc/x86_64-linux-gnu/12/../../../x86_64-linux-gnu]
    arg [-L/usr/lib/gcc/x86_64-linux-gnu/12/../../../../lib] ==> dir [/usr/lib/gcc/x86_64-linux-gnu/12/../../../../lib]
    arg [-L/lib/x86_64-linux-gnu] ==> dir [/lib/x86_64-linux-gnu]
    arg [-L/lib/../lib] ==> dir [/lib/../lib]
    arg [-L/usr/lib/x86_64-linux-gnu] ==> dir [/usr/lib/x86_64-linux-gnu]
    arg [-L/usr/lib/../lib] ==> dir [/usr/lib/../lib]
    arg [-L/usr/lib/gcc/x86_64-linux-gnu/12/../../..] ==> dir [/usr/lib/gcc/x86_64-linux-gnu/12/../../..]
    arg [CMakeFiles/cmTC_a3176.dir/CMakeCCompilerABI.c.o] ==> ignore
    arg [-lgcc] ==> lib [gcc]
    arg [--push-state] ==> ignore
    arg [--as-needed] ==> ignore
    arg [-lgcc_s] ==> lib [gcc_s]
    arg [--pop-state] ==> ignore
    arg [-lc] ==> lib [c]
    arg [-lgcc] ==> lib [gcc]
    arg [--push-state] ==> ignore
    arg [--as-needed] ==> ignore
    arg [-lgcc_s] ==> lib [gcc_s]
    arg [--pop-state] ==> ignore
    arg [/usr/lib/gcc/x86_64-linux-gnu/12/crtendS.o] ==> obj [/usr/lib/gcc/x86_64-linux-gnu/12/crtendS.o]
    arg [/usr/lib/gcc/x86_64-linux-gnu/12/../../../x86_64-linux-gnu/crtn.o] ==> obj [/usr/lib/gcc/x86_64-linux-gnu/12/../../../x86_64-linux-gnu/crtn.o]
  collapse obj [/usr/lib/gcc/x86_64-linux-gnu/12/../../../x86_64-linux-gnu/Scrt1.o] ==> [/usr/lib/x86_64-linux-gnu/Scrt1.o]
  collapse obj [/usr/lib/gcc/x86_64-linux-gnu/12/../../../x86_64-linux-gnu/crti.o] ==> [/usr/lib/x86_64-linux-gnu/crti.o]
  collapse obj [/usr/lib/gcc/x86_64-linux-gnu/12/../../../x86_64-linux-gnu/crtn.o] ==> [/usr/lib/x86_64-linux-gnu/crtn.o]
  collapse library dir [/usr/lib/gcc/x86_64-linux-gnu/12] ==> [/usr/lib/gcc/x86_64-linux-gnu/12]
  collapse library dir [/usr/lib/gcc/x86_64-linux-gnu/12/../../../x86_64-linux-gnu] ==> [/usr/lib/x86_64-linux-gnu]
  collapse library dir [/usr/lib/gcc/x86_64-linux-gnu/12/../../../../lib] ==> [/usr/lib]
  collapse library dir [/lib/x86_64-linux-gnu] ==> [/lib/x86_64-linux-gnu]
  collapse library dir [/lib/../lib] ==> [/lib]
  collapse library dir [/usr/lib/x86_64-linux-gnu] ==> [/usr/lib/x86_64-linux-gnu]
  collapse library dir [/usr/lib/../lib] ==> [/usr/lib]
  collapse library dir [/usr/lib/gcc/x86_64-linux-gnu/12/../../..] ==> [/usr/lib]
  implicit libs: [gcc;gcc_s;c;gcc;gcc_s]
  implicit objs: [/usr/lib/x86_64-linux-gnu/Scrt1.o;/usr/lib/x86_64-linux-gnu/crti.o;/usr/lib/gcc/x86_64-linux-gnu/12/crtbeginS.o;/usr/lib/gcc/x86_64-linux-gnu/12/crtendS.o;/usr/lib/x86_64-linux-gnu/crtn.o]
  implicit dirs: [/usr/lib/gcc/x86_64-linux-gnu/12;/usr/lib/x86_64-linux-gnu;/usr/lib;/lib/x86_64-linux-gnu;/lib]
  implicit fwks: []


Compiling the CXX compiler identification source file "CMakeCXXCompilerId.cpp" succeeded.
Compiler: /usr/bin/c++ 
Build flags: ;-ffunction-sections;-fdata-sections;-fPIC;-m64
Id flags:  

The output was:
0


Compilation of the CXX compiler identification source "CMakeCXXCompilerId.cpp" produced "a.out"

The CXX compiler identification is GNU, found in "/home/lukas/git/notsureyet/client/target/debug/build/libzmq-sys-6233d8a1394670a2/out/build/CMakeFiles/3.25.1/CompilerIdCXX/a.out"

Detecting CXX compiler ABI info compiled with the following output:
Change Dir: /home/lukas/git/notsureyet/client/target/debug/build/libzmq-sys-6233d8a1394670a2/out/build/CMakeFiles/CMakeScratch/TryCompile-xEsfNv

Run Build Command(s):/usr/bin/gmake -f Makefile cmTC_95ec1/fast && /usr/bin/gmake  -f CMakeFiles/cmTC_95ec1.dir/build.make CMakeFiles/cmTC_95ec1.dir/build
gmake[1]: Entering directory '/home/lukas/git/notsureyet/client/target/debug/build/libzmq-sys-6233d8a1394670a2/out/build/CMakeFiles/CMakeScratch/TryCompile-xEsfNv'
Building CXX object CMakeFiles/cmTC_95ec1.dir/CMakeCXXCompilerABI.cpp.o
/usr/bin/c++   -ffunction-sections -fdata-sections -fPIC -m64    -v -o CMakeFiles/cmTC_95ec1.dir/CMakeCXXCompilerABI.cpp.o -c /usr/share/cmake-3.25/Modules/CMakeCXXCompilerABI.cpp
Using built-in specs.
COLLECT_GCC=/usr/bin/c++
OFFLOAD_TARGET_NAMES=nvptx-none:amdgcn-amdhsa
OFFLOAD_TARGET_DEFAULT=1
Target: x86_64-linux-gnu
Configured with: ../src/configure -v --with-pkgversion='Debian 12.2.0-14+deb12u1' --with-bugurl=file:///usr/share/doc/gcc-12/README.Bugs --enable-languages=c,ada,c++,go,d,fortran,objc,obj-c++,m2 --prefix=/usr --with-gcc-major-version-only --program-suffix=-12 --program-prefix=x86_64-linux-gnu- --enable-shared --enable-linker-build-id --libexecdir=/usr/lib --without-included-gettext --enable-threads=posix --libdir=/usr/lib --enable-nls --enable-clocale=gnu --enable-libstdcxx-debug --enable-libstdcxx-time=yes --with-default-libstdcxx-abi=new --enable-gnu-unique-object --disable-vtable-verify --enable-plugin --enable-default-pie --with-system-zlib --enable-libphobos-checking=release --with-target-system-zlib=auto --enable-objc-gc=auto --enable-multiarch --disable-werror --enable-cet --with-arch-32=i686 --with-abi=m64 --with-multilib-list=m32,m64,mx32 --enable-multilib --with-tune=generic --enable-offload-targets=nvptx-none=/build/reproducible-path/gcc-12-12.2.0/debian/tmp-nvptx/usr,amdgcn-amdhsa=/build/reproducible-path/gcc-12-12.2.0/debian/tmp-gcn/usr --enable-offload-defaulted --without-cuda-driver --enable-checking=release --build=x86_64-linux-gnu --host=x86_64-linux-gnu --target=x86_64-linux-gnu
Thread model: posix
Supported LTO compression algorithms: zlib zstd
gcc version 12.2.0 (Debian 12.2.0-14+deb12u1) 
COLLECT_GCC_OPTIONS='-ffunction-sections' '-fdata-sections' '-fPIC' '-m64' '-v' '-o' 'CMakeFiles/cmTC_95ec1.dir/CMakeCXXCompilerABI.cpp.o' '-c' '-shared-libgcc' '-mtune=generic' '-march=x86-64' '-dumpdir' 'CMakeFiles/cmTC_95ec1.dir/'
 /usr/lib/gcc/x86_64-linux-gnu/12/cc1plus -quiet -v -imultiarch x86_64-linux-gnu -D_GNU_SOURCE /usr/share/cmake-3.25/Modules/CMakeCXXCompilerABI.cpp -quiet -dumpdir CMakeFiles/cmTC_95ec1.dir/ -dumpbase CMakeCXXCompilerABI.cpp.cpp -dumpbase-ext .cpp -m64 -mtune=generic -march=x86-64 -version -ffunction-sections -fdata-sections -fPIC -fasynchronous-unwind-tables -o /tmp/ccBy6URq.s
GNU C++17 (Debian 12.2.0-14+deb12u1) version 12.2.0 (x86_64-linux-gnu)
	compiled by GNU C version 12.2.0, GMP version 6.2.1, MPFR version 4.2.0, MPC version 1.3.1, isl version isl-0.25-GMP

GGC heuristics: --param ggc-min-expand=100 --param ggc-min-heapsize=131072
ignoring duplicate directory "/usr/include/x86_64-linux-gnu/c++/12"
ignoring nonexistent directory "/usr/local/include/x86_64-linux-gnu"
ignoring nonexistent directory "/usr/lib/gcc/x86_64-linux-gnu/12/include-fixed"
ignoring nonexistent directory "/usr/lib/gcc/x86_64-linux-gnu/12/../../../../x86_64-linux-gnu/include"
#include "..." search starts here:
#include <...> search starts here:
 /usr/include/c++/12
 /usr/include/x86_64-linux-gnu/c++/12
 /usr/include/c++/12/backward
 /usr/lib/gcc/x86_64-linux-gnu/12/include
 /usr/local/include
 /usr/include/x86_64-linux-gnu
 /usr/include
End of search list.
GNU C++17 (Debian 12.2.0-14+deb12u1) version 12.2.0 (x86_64-linux-gnu)
	compiled by GNU C version 12.2.0, GMP version 6.2.1, MPFR version 4.2.0, MPC version 1.3.1, isl version isl-0.25-GMP

GGC heuristics: --param ggc-min-expand=100 --param ggc-min-heapsize=131072
Compiler executable checksum: 18a4c0b3348b838f5ec9d956298050ac
COLLECT_GCC_OPTIONS='-ffunction-sections' '-fdata-sections' '-fPIC' '-m64' '-v' '-o' 'CMakeFiles/cmTC_95ec1.dir/CMakeCXXCompilerABI.cpp.o' '-c' '-shared-libgcc' '-mtune=generic' '-march=x86-64' '-dumpdir' 'CMakeFiles/cmTC_95ec1.dir/'
 as -v --64 -o CMakeFiles/cmTC_95ec1.dir/CMakeCXXCompilerABI.cpp.o /tmp/ccBy6URq.s
GNU assembler version 2.40 (x86_64-linux-gnu) using BFD version (GNU Binutils for Debian) 2.40
COMPILER_PATH=/usr/lib/gcc/x86_64-linux-gnu/12/:/usr/lib/gcc/x86_64-linux-gnu/12/:/usr/lib/gcc/x86_64-linux-gnu/:/usr/lib/gcc/x86_64-linux-gnu/12/:/usr/lib/gcc/x86_64-linux-gnu/
LIBRARY_PATH=/usr/lib/gcc/x86_64-linux-gnu/12/:/usr/lib/gcc/x86_64-linux-gnu/12/../../../x86_64-linux-gnu/:/usr/lib/gcc/x86_64-linux-gnu/12/../../../../lib/:/lib/x86_64-linux-gnu/:/lib/../lib/:/usr/lib/x86_64-linux-gnu/:/usr/lib/../lib/:/usr/lib/gcc/x86_64-linux-gnu/12/../../../:/lib/:/usr/lib/
COLLECT_GCC_OPTIONS='-ffunction-sections' '-fdata-sections' '-fPIC' '-m64' '-v' '-o' 'CMakeFiles/cmTC_95ec1.dir/CMakeCXXCompilerABI.cpp.o' '-c' '-shared-libgcc' '-mtune=generic' '-march=x86-64' '-dumpdir' 'CMakeFiles/cmTC_95ec1.dir/CMakeCXXCompilerABI.cpp.'
Linking CXX executable cmTC_95ec1
/usr/bin/cmake -E cmake_link_script CMakeFiles/cmTC_95ec1.dir/link.txt --verbose=1
/usr/bin/c++  -ffunction-sections -fdata-sections -fPIC -m64   -v -rdynamic CMakeFiles/cmTC_95ec1.dir/CMakeCXXCompilerABI.cpp.o -o cmTC_95ec1 
Using built-in specs.
COLLECT_GCC=/usr/bin/c++
COLLECT_LTO_WRAPPER=/usr/lib/gcc/x86_64-linux-gnu/12/lto-wrapper
OFFLOAD_TARGET_NAMES=nvptx-none:amdgcn-amdhsa
OFFLOAD_TARGET_DEFAULT=1
Target: x86_64-linux-gnu
Configured with: ../src/configure -v --with-pkgversion='Debian 12.2.0-14+deb12u1' --with-bugurl=file:///usr/share/doc/gcc-12/README.Bugs --enable-languages=c,ada,c++,go,d,fortran,objc,obj-c++,m2 --prefix=/usr --with-gcc-major-version-only --program-suffix=-12 --program-prefix=x86_64-linux-gnu- --enable-shared --enable-linker-build-id --libexecdir=/usr/lib --without-included-gettext --enable-threads=posix --libdir=/usr/lib --enable-nls --enable-clocale=gnu --enable-libstdcxx-debug --enable-libstdcxx-time=yes --with-default-libstdcxx-abi=new --enable-gnu-unique-object --disable-vtable-verify --enable-plugin --enable-default-pie --with-system-zlib --enable-libphobos-checking=release --with-target-system-zlib=auto --enable-objc-gc=auto --enable-multiarch --disable-werror --enable-cet --with-arch-32=i686 --with-abi=m64 --with-multilib-list=m32,m64,mx32 --enable-multilib --with-tune=generic --enable-offload-targets=nvptx-none=/build/reproducible-path/gcc-12-12.2.0/debian/tmp-nvptx/usr,amdgcn-amdhsa=/build/reproducible-path/gcc-12-12.2.0/debian/tmp-gcn/usr --enable-offload-defaulted --without-cuda-driver --enable-checking=release --build=x86_64-linux-gnu --host=x86_64-linux-gnu --target=x86_64-linux-gnu
Thread model: posix
Supported LTO compression algorithms: zlib zstd
gcc version 12.2.0 (Debian 12.2.0-14+deb12u1) 
COMPILER_PATH=/usr/lib/gcc/x86_64-linux-gnu/12/:/usr/lib/gcc/x86_64-linux-gnu/12/:/usr/lib/gcc/x86_64-linux-gnu/:/usr/lib/gcc/x86_64-linux-gnu/12/:/usr/lib/gcc/x86_64-linux-gnu/
LIBRARY_PATH=/usr/lib/gcc/x86_64-linux-gnu/12/:/usr/lib/gcc/x86_64-linux-gnu/12/../../../x86_64-linux-gnu/:/usr/lib/gcc/x86_64-linux-gnu/12/../../../../lib/:/lib/x86_64-linux-gnu/:/lib/../lib/:/usr/lib/x86_64-linux-gnu/:/usr/lib/../lib/:/usr/lib/gcc/x86_64-linux-gnu/12/../../../:/lib/:/usr/lib/
COLLECT_GCC_OPTIONS='-ffunction-sections' '-fdata-sections' '-fPIC' '-m64' '-v' '-rdynamic' '-o' 'cmTC_95ec1' '-shared-libgcc' '-mtune=generic' '-march=x86-64' '-dumpdir' 'cmTC_95ec1.'
 /usr/lib/gcc/x86_64-linux-gnu/12/collect2 -plugin /usr/lib/gcc/x86_64-linux-gnu/12/liblto_plugin.so -plugin-opt=/usr/lib/gcc/x86_64-linux-gnu/12/lto-wrapper -plugin-opt=-fresolution=/tmp/cc6whZxm.res -plugin-opt=-pass-through=-lgcc_s -plugin-opt=-pass-through=-lgcc -plugin-opt=-pass-through=-lc -plugin-opt=-pass-through=-lgcc_s -plugin-opt=-pass-through=-lgcc --build-id --eh-frame-hdr -m elf_x86_64 --hash-style=gnu --as-needed -export-dynamic -dynamic-linker /lib64/ld-linux-x86-64.so.2 -pie -o cmTC_95ec1 /usr/lib/gcc/x86_64-linux-gnu/12/../../../x86_64-linux-gnu/Scrt1.o /usr/lib/gcc/x86_64-linux-gnu/12/../../../x86_64-linux-gnu/crti.o /usr/lib/gcc/x86_64-linux-gnu/12/crtbeginS.o -L/usr/lib/gcc/x86_64-linux-gnu/12 -L/usr/lib/gcc/x86_64-linux-gnu/12/../../../x86_64-linux-gnu -L/usr/lib/gcc/x86_64-linux-gnu/12/../../../../lib -L/lib/x86_64-linux-gnu -L/lib/../lib -L/usr/lib/x86_64-linux-gnu -L/usr/lib/../lib -L/usr/lib/gcc/x86_64-linux-gnu/12/../../.. CMakeFiles/cmTC_95ec1.dir/CMakeCXXCompilerABI.cpp.o -lstdc++ -lm -lgcc_s -lgcc -lc -lgcc_s -lgcc /usr/lib/gcc/x86_64-linux-gnu/12/crtendS.o /usr/lib/gcc/x86_64-linux-gnu/12/../../../x86_64-linux-gnu/crtn.o
COLLECT_GCC_OPTIONS='-ffunction-sections' '-fdata-sections' '-fPIC' '-m64' '-v' '-rdynamic' '-o' 'cmTC_95ec1' '-shared-libgcc' '-mtune=generic' '-march=x86-64' '-dumpdir' 'cmTC_95ec1.'
gmake[1]: Leaving directory '/home/lukas/git/notsureyet/client/target/debug/build/libzmq-sys-6233d8a1394670a2/out/build/CMakeFiles/CMakeScratch/TryCompile-xEsfNv'



Parsed CXX implicit include dir info from above output: rv=done
  found start of include info
  found start of implicit include info
    add: [/usr/include/c++/12]
    add: [/usr/include/x86_64-linux-gnu/c++/12]
    add: [/usr/include/c++/12/backward]
    add: [/usr/lib/gcc/x86_64-linux-gnu/12/include]
    add: [/usr/local/include]
    add: [/usr/include/x86_64-linux-gnu]
    add: [/usr/include]
  end of search list found
  collapse include dir [/usr/include/c++/12] ==> [/usr/include/c++/12]
  collapse include dir [/usr/include/x86_64-linux-gnu/c++/12] ==> [/usr/include/x86_64-linux-gnu/c++/12]
  collapse include dir [/usr/include/c++/12/backward] ==> [/usr/include/c++/12/backward]
  collapse include dir [/usr/lib/gcc/x86_64-linux-gnu/12/include] ==> [/usr/lib/gcc/x86_64-linux-gnu/12/include]
  collapse include dir [/usr/local/include] ==> [/usr/local/include]
  collapse include dir [/usr/include/x86_64-linux-gnu] ==> [/usr/include/x86_64-linux-gnu]
  collapse include dir [/usr/include] ==> [/usr/include]
  implicit include dirs: [/usr/include/c++/12;/usr/include/x86_64-linux-gnu/c++/12;/usr/include/c++/12/backward;/usr/lib/gcc/x86_64-linux-gnu/12/include;/usr/local/include;/usr/include/x86_64-linux-gnu;/usr/include]


Parsed CXX implicit link information from above output:
  link line regex: [^( *|.*[/\])(ld|CMAKE_LINK_STARTFILE-NOTFOUND|([^/\]+-)?ld|collect2)[^/\]*( |$)]
  ignore line: [Change Dir: /home/lukas/git/notsureyet/client/target/debug/build/libzmq-sys-6233d8a1394670a2/out/build/CMakeFiles/CMakeScratch/TryCompile-xEsfNv]
  ignore line: []
  ignore line: [Run Build Command(s):/usr/bin/gmake -f Makefile cmTC_95ec1/fast && /usr/bin/gmake  -f CMakeFiles/cmTC_95ec1.dir/build.make CMakeFiles/cmTC_95ec1.dir/build]
  ignore line: [gmake[1]: Entering directory '/home/lukas/git/notsureyet/client/target/debug/build/libzmq-sys-6233d8a1394670a2/out/build/CMakeFiles/CMakeScratch/TryCompile-xEsfNv']
  ignore line: [Building CXX object CMakeFiles/cmTC_95ec1.dir/CMakeCXXCompilerABI.cpp.o]
  ignore line: [/usr/bin/c++   -ffunction-sections -fdata-sections -fPIC -m64    -v -o CMakeFiles/cmTC_95ec1.dir/CMakeCXXCompilerABI.cpp.o -c /usr/share/cmake-3.25/Modules/CMakeCXXCompilerABI.cpp]
  ignore line: [Using built-in specs.]
  ignore line: [COLLECT_GCC=/usr/bin/c++]
  ignore line: [OFFLOAD_TARGET_NAMES=nvptx-none:amdgcn-amdhsa]
  ignore line: [OFFLOAD_TARGET_DEFAULT=1]
  ignore line: [Target: x86_64-linux-gnu]
  ignore line: [Configured with: ../src/configure -v --with-pkgversion='Debian 12.2.0-14+deb12u1' --with-bugurl=file:///usr/share/doc/gcc-12/README.Bugs --enable-languages=c ada c++ go d fortran objc obj-c++ m2 --prefix=/usr --with-gcc-major-version-only --program-suffix=-12 --program-prefix=x86_64-linux-gnu- --enable-shared --enable-linker-build-id --libexecdir=/usr/lib --without-included-gettext --enable-threads=posix --libdir=/usr/lib --enable-nls --enable-clocale=gnu --enable-libstdcxx-debug --enable-libstdcxx-time=yes --with-default-libstdcxx-abi=new --enable-gnu-unique-object --disable-vtable-verify --enable-plugin --enable-default-pie --with-system-zlib --enable-libphobos-checking=release --with-target-system-zlib=auto --enable-objc-gc=auto --enable-multiarch --disable-werror --enable-cet --with-arch-32=i686 --with-abi=m64 --with-multilib-list=m32 m64 mx32 --enable-multilib --with-tune=generic --enable-offload-targets=nvptx-none=/build/reproducible-path/gcc-12-12.2.0/debian/tmp-nvptx/usr amdgcn-amdhsa=/build/reproducible-path/gcc-12-12.2.0/debian/tmp-gcn/usr --enable-offload-defaulted --without-cuda-driver --enable-checking=release --build=x86_64-linux-gnu --host=x86_64-linux-gnu --target=x86_64-linux-gnu]
  ignore line: [Thread model: posix]
  ignore line: [Supported LTO compression algorithms: zlib zstd]
  ignore line: [gcc version 12.2.0 (Debian 12.2.0-14+deb12u1) ]
  ignore line: [COLLECT_GCC_OPTIONS='-ffunction-sections' '-fdata-sections' '-fPIC' '-m64' '-v' '-o' 'CMakeFiles/cmTC_95ec1.dir/CMakeCXXCompilerABI.cpp.o' '-c' '-shared-libgcc' '-mtune=generic' '-march=x86-64' '-dumpdir' 'CMakeFiles/cmTC_95ec1.dir/']
  ignore line: [ /usr/lib/gcc/x86_64-linux-gnu/12/cc1plus -quiet -v -imultiarch x86_64-linux-gnu -D_GNU_SOURCE /usr/share/cmake-3.25/Modules/CMakeCXXCompilerABI.cpp -quiet -dumpdir CMakeFiles/cmTC_95ec1.dir/ -dumpbase CMakeCXXCompilerABI.cpp.cpp -dumpbase-ext .cpp -m64 -mtune=generic -march=x86-64 -version -ffunction-sections -fdata-sections -fPIC -fasynchronous-unwind-tables -o /tmp/ccBy6URq.s]
  ignore line: [GNU C++17 (Debian 12.2.0-14+deb12u1) version 12.2.0 (x86_64-linux-gnu)]
  ignore line: [	compiled by GNU C version 12.2.0  GMP version 6.2.1  MPFR version 4.2.0  MPC version 1.3.1  isl version isl-0.25-GMP]
  ignore line: []
  ignore line: [GGC heuristics: --param ggc-min-expand=100 --param ggc-min-heapsize=131072]
  ignore line: [ignoring duplicate directory "/usr/include/x86_64-linux-gnu/c++/12"]
  ignore line: [ignoring nonexistent directory "/usr/local/include/x86_64-linux-gnu"]
  ignore line: [ignoring nonexistent directory "/usr/lib/gcc/x86_64-linux-gnu/12/include-fixed"]
  ignore line: [ignoring nonexistent directory "/usr/lib/gcc/x86_64-linux-gnu/12/../../../../x86_64-linux-gnu/include"]
  ignore line: [#include "..." search starts here:]
  ignore line: [#include <...> search starts here:]
  ignore line: [ /usr/include/c++/12]
  ignore line: [ /usr/include/x86_64-linux-gnu/c++/12]
  ignore line: [ /usr/include/c++/12/backward]
  ignore line: [ /usr/lib/gcc/x86_64-linux-gnu/12/include]
  ignore line: [ /usr/local/include]
  ignore line: [ /usr/include/x86_64-linux-gnu]
  ignore line: [ /usr/include]
  ignore line: [End of search list.]
  ignore line: [GNU C++17 (Debian 12.2.0-14+deb12u1) version 12.2.0 (x86_64-linux-gnu)]
  ignore line: [	compiled by GNU C version 12.2.0  GMP version 6.2.1  MPFR version 4.2.0  MPC version 1.3.1  isl version isl-0.25-GMP]
  ignore line: []
  ignore line: [GGC heuristics: --param ggc-min-expand=100 --param ggc-min-heapsize=131072]
  ignore line: [Compiler executable checksum: 18a4c0b3348b838f5ec9d956298050ac]
  ignore line: [COLLECT_GCC_OPTIONS='-ffunction-sections' '-fdata-sections' '-fPIC' '-m64' '-v' '-o' 'CMakeFiles/cmTC_95ec1.dir/CMakeCXXCompilerABI.cpp.o' '-c' '-shared-libgcc' '-mtune=generic' '-march=x86-64' '-dumpdir' 'CMakeFiles/cmTC_95ec1.dir/']
  ignore line: [ as -v --64 -o CMakeFiles/cmTC_95ec1.dir/CMakeCXXCompilerABI.cpp.o /tmp/ccBy6URq.s]
  ignore line: [GNU assembler version 2.40 (x86_64-linux-gnu) using BFD version (GNU Binutils for Debian) 2.40]
  ignore line: [COMPILER_PATH=/usr/lib/gcc/x86_64-linux-gnu/12/:/usr/lib/gcc/x86_64-linux-gnu/12/:/usr/lib/gcc/x86_64-linux-gnu/:/usr/lib/gcc/x86_64-linux-gnu/12/:/usr/lib/gcc/x86_64-linux-gnu/]
  ignore line: [LIBRARY_PATH=/usr/lib/gcc/x86_64-linux-gnu/12/:/usr/lib/gcc/x86_64-linux-gnu/12/../../../x86_64-linux-gnu/:/usr/lib/gcc/x86_64-linux-gnu/12/../../../../lib/:/lib/x86_64-linux-gnu/:/lib/../lib/:/usr/lib/x86_64-linux-gnu/:/usr/lib/../lib/:/usr/lib/gcc/x86_64-linux-gnu/12/../../../:/lib/:/usr/lib/]
  ignore line: [COLLECT_GCC_OPTIONS='-ffunction-sections' '-fdata-sections' '-fPIC' '-m64' '-v' '-o' 'CMakeFiles/cmTC_95ec1.dir/CMakeCXXCompilerABI.cpp.o' '-c' '-shared-libgcc' '-mtune=generic' '-march=x86-64' '-dumpdir' 'CMakeFiles/cmTC_95ec1.dir/CMakeCXXCompilerABI.cpp.']
  ignore line: [Linking CXX executable cmTC_95ec1]
  ignore line: [/usr/bin/cmake -E cmake_link_script CMakeFiles/cmTC_95ec1.dir/link.txt --verbose=1]
  ignore line: [/usr/bin/c++  -ffunction-sections -fdata-sections -fPIC -m64   -v -rdynamic CMakeFiles/cmTC_95ec1.dir/CMakeCXXCompilerABI.cpp.o -o cmTC_95ec1 ]
  ignore line: [Using built-in specs.]
  ignore line: [COLLECT_GCC=/usr/bin/c++]
  ignore line: [COLLECT_LTO_WRAPPER=/usr/lib/gcc/x86_64-linux-gnu/12/lto-wrapper]
  ignore line: [OFFLOAD_TARGET_NAMES=nvptx-none:amdgcn-amdhsa]
  ignore line: [OFFLOAD_TARGET_DEFAULT=1]
  ignore line: [Target: x86_64-linux-gnu]
  ignore line: [Configured with: ../src/configure -v --with-pkgversion='Debian 12.2.0-14+deb12u1' --with-bugurl=file:///usr/share/doc/gcc-12/README.Bugs --enable-languages=c ada c++ go d fortran objc obj-c++ m2 --prefix=/usr --with-gcc-major-version-only --program-suffix=-12 --program-prefix=x86_64-linux-gnu- --enable-shared --enable-linker-build-id --libexecdir=/usr/lib --without-included-gettext --enable-threads=posix --libdir=/usr/lib --enable-nls --enable-clocale=gnu --enable-libstdcxx-debug --enable-libstdcxx-time=yes --with-default-libstdcxx-abi=new --enable-gnu-unique-object --disable-vtable-verify --enable-plugin --enable-default-pie --with-system-zlib --enable-libphobos-checking=release --with-target-system-zlib=auto --enable-objc-gc=auto --enable-multiarch --disable-werror --enable-cet --with-arch-32=i686 --with-abi=m64 --with-multilib-list=m32 m64 mx32 --enable-multilib --with-tune=generic --enable-offload-targets=nvptx-none=/build/reproducible-path/gcc-12-12.2.0/debian/tmp-nvptx/usr amdgcn-amdhsa=/build/reproducible-path/gcc-12-12.2.0/debian/tmp-gcn/usr --enable-offload-defaulted --without-cuda-driver --enable-checking=release --build=x86_64-linux-gnu --host=x86_64-linux-gnu --target=x86_64-linux-gnu]
  ignore line: [Thread model: posix]
  ignore line: [Supported LTO compression algorithms: zlib zstd]
  ignore line: [gcc version 12.2.0 (Debian 12.2.0-14+deb12u1) ]
  ignore line: [COMPILER_PATH=/usr/lib/gcc/x86_64-linux-gnu/12/:/usr/lib/gcc/x86_64-linux-gnu/12/:/usr/lib/gcc/x86_64-linux-gnu/:/usr/lib/gcc/x86_64-linux-gnu/12/:/usr/lib/gcc/x86_64-linux-gnu/]
  ignore line: [LIBRARY_PATH=/usr/lib/gcc/x86_64-linux-gnu/12/:/usr/lib/gcc/x86_64-linux-gnu/12/../../../x86_64-linux-gnu/:/usr/lib/gcc/x86_64-linux-gnu/12/../../../../lib/:/lib/x86_64-linux-gnu/:/lib/../lib/:/usr/lib/x86_64-linux-gnu/:/usr/lib/../lib/:/usr/lib/gcc/x86_64-linux-gnu/12/../../../:/lib/:/usr/lib/]
  ignore line: [COLLECT_GCC_OPTIONS='-ffunction-sections' '-fdata-sections' '-fPIC' '-m64' '-v' '-rdynamic' '-o' 'cmTC_95ec1' '-shared-libgcc' '-mtune=generic' '-march=x86-64' '-dumpdir' 'cmTC_95ec1.']
  link line: [ /usr/lib/gcc/x86_64-linux-gnu/12/collect2 -plugin /usr/lib/gcc/x86_64-linux-gnu/12/liblto_plugin.so -plugin-opt=/usr/lib/gcc/x86_64-linux-gnu/12/lto-wrapper -plugin-opt=-fresolution=/tmp/cc6whZxm.res -plugin-opt=-pass-through=-lgcc_s -plugin-opt=-pass-through=-lgcc -plugin-opt=-pass-through=-lc -plugin-opt=-pass-through=-lgcc_s -plugin-opt=-pass-through=-lgcc --build-id --eh-frame-hdr -m elf_x86_64 --hash-style=gnu --as-needed -export-dynamic -dynamic-linker /lib64/ld-linux-x86-64.so.2 -pie -o cmTC_95ec1 /usr/lib/gcc/x86_64-linux-gnu/12/../../../x86_64-linux-gnu/Scrt1.o /usr/lib/gcc/x86_64-linux-gnu/12/../../../x86_64-linux-gnu/crti.o /usr/lib/gcc/x86_64-linux-gnu/12/crtbeginS.o -L/usr/lib/gcc/x86_64-linux-gnu/12 -L/usr/lib/gcc/x86_64-linux-gnu/12/../../../x86_64-linux-gnu -L/usr/lib/gcc/x86_64-linux-gnu/12/../../../../lib -L/lib/x86_64-linux-gnu -L/lib/../lib -L/usr/lib/x86_64-linux-gnu -L/usr/lib/../lib -L/usr/lib/gcc/x86_64-linux-gnu/12/../../.. CMakeFiles/cmTC_95ec1.dir/CMakeCXXCompilerABI.cpp.o -lstdc++ -lm -lgcc_s -lgcc -lc -lgcc_s -lgcc /usr/lib/gcc/x86_64-linux-gnu/12/crtendS.o /usr/lib/gcc/x86_64-linux-gnu/12/../../../x86_64-linux-gnu/crtn.o]
    arg [/usr/lib/gcc/x86_64-linux-gnu/12/collect2] ==> ignore
    arg [-plugin] ==> ignore
    arg [/usr/lib/gcc/x86_64-linux-gnu/12/liblto_plugin.so] ==> ignore
    arg [-plugin-opt=/usr/lib/gcc/x86_64-linux-gnu/12/lto-wrapper] ==> ignore
    arg [-plugin-opt=-fresolution=/tmp/cc6whZxm.res] ==> ignore
    arg [-plugin-opt=-pass-through=-lgcc_s] ==> ignore
    arg [-plugin-opt=-pass-through=-lgcc] ==> ignore
    arg [-plugin-opt=-pass-through=-lc] ==> ignore
    arg [-plugin-opt=-pass-through=-lgcc_s] ==> ignore
    arg [-plugin-opt=-pass-through=-lgcc] ==> ignore
    arg [--build-id] ==> ignore
    arg [--eh-frame-hdr] ==> ignore
    arg [-m] ==> ignore
    arg [elf_x86_64] ==> ignore
    arg [--hash-style=gnu] ==> ignore
    arg [--as-needed] ==> ignore
    arg [-export-dynamic] ==> ignore
    arg [-dynamic-linker] ==> ignore
    arg [/lib64/ld-linux-x86-64.so.2] ==> ignore
    arg [-pie] ==> ignore
    arg [-o] ==> ignore
    arg [cmTC_95ec1] ==> ignore
    arg [/usr/lib/gcc/x86_64-linux-gnu/12/../../../x86_64-linux-gnu/Scrt1.o] ==> obj [/usr/lib/gcc/x86_64-linux-gnu/12/../../../x86_64-linux-gnu/Scrt1.o]
    arg [/usr/lib/gcc/x86_64-linux-gnu/12/../../../x86_64-linux-gnu/crti.o] ==> obj [/usr/lib/gcc/x86_64-linux-gnu/12/../../../x86_64-linux-gnu/crti.o]
    arg [/usr/lib/gcc/x86_64-linux-gnu/12/crtbeginS.o] ==> obj [/usr/lib/gcc/x86_64-linux-gnu/12/crtbeginS.o]
    arg [-L/usr/lib/gcc/x86_64-linux-gnu/12] ==> dir [/usr/lib/gcc/x86_64-linux-gnu/12]
    arg [-L/usr/lib/gcc/x86_64-linux-gnu/12/../../../x86_64-linux-gnu] ==> dir [/usr/lib/gcc/x86_64-linux-gnu/12/../../../x86_64-linux-gnu]
    arg [-L/usr/lib/gcc/x86_64-linux-gnu/12/../../../../lib] ==> dir [/usr/lib/gcc/x86_64-linux-gnu/12/../../../../lib]
    arg [-L/lib/x86_64-linux-gnu] ==> dir [/lib/x86_64-linux-gnu]
    arg [-L/lib/../lib] ==> dir [/lib/../lib]
    arg [-L/usr/lib/x86_64-linux-gnu] ==> dir [/usr/lib/x86_64-linux-gnu]
    arg [-L/usr/lib/../lib] ==> dir [/usr/lib/../lib]
    arg [-L/usr/lib/gcc/x86_64-linux-gnu/12/../../..] ==> dir [/usr/lib/gcc/x86_64-linux-gnu/12/../../..]
    arg [CMakeFiles/cmTC_95ec1.dir/CMakeCXXCompilerABI.cpp.o] ==> ignore
    arg [-lstdc++] ==> lib [stdc++]
    arg [-lm] ==> lib [m]
    arg [-lgcc_s] ==> lib [gcc_s]
    arg [-lgcc] ==> lib [gcc]
    arg [-lc] ==> lib [c]
    arg [-lgcc_s] ==> lib [gcc_s]
    arg [-lgcc] ==> lib [gcc]
    arg [/usr/lib/gcc/x86_64-linux-gnu/12/crtendS.o] ==> obj [/usr/lib/gcc/x86_64-linux-gnu/12/crtendS.o]
    arg [/usr/lib/gcc/x86_64-linux-gnu/12/../../../x86_64-linux-gnu/crtn.o] ==> obj [/usr/lib/gcc/x86_64-linux-gnu/12/../../../x86_64-linux-gnu/crtn.o]
  collapse obj [/usr/lib/gcc/x86_64-linux-gnu/12/../../../x86_64-linux-gnu/Scrt1.o] ==> [/usr/lib/x86_64-linux-gnu/Scrt1.o]
  collapse obj [/usr/lib/gcc/x86_64-linux-gnu/12/../../../x86_64-linux-gnu/crti.o] ==> [/usr/lib/x86_64-linux-gnu/crti.o]
  collapse obj [/usr/lib/gcc/x86_64-linux-gnu/12/../../../x86_64-linux-gnu/crtn.o] ==> [/usr/lib/x86_64-linux-gnu/crtn.o]
  collapse library dir [/usr/lib/gcc/x86_64-linux-gnu/12] ==> [/usr/lib/gcc/x86_64-linux-gnu/12]
  collapse library dir [/usr/lib/gcc/x86_64-linux-gnu/12/../../../x86_64-linux-gnu] ==> [/usr/lib/x86_64-linux-gnu]
  collapse library dir [/usr/lib/gcc/x86_64-linux-gnu/12/../../../../lib] ==> [/usr/lib]
  collapse library dir [/lib/x86_64-linux-gnu] ==> [/lib/x86_64-linux-gnu]
  collapse library dir [/lib/../lib] ==> [/lib]
  collapse library dir [/usr/lib/x86_64-linux-gnu] ==> [/usr/lib/x86_64-linux-gnu]
  collapse library dir [/usr/lib/../lib] ==> [/usr/lib]
  collapse library dir [/usr/lib/gcc/x86_64-linux-gnu/12/../../..] ==> [/usr/lib]
  implicit libs: [stdc++;m;gcc_s;gcc;c;gcc_s;gcc]
  implicit objs: [/usr/lib/x86_64-linux-gnu/Scrt1.o;/usr/lib/x86_64-linux-gnu/crti.o;/usr/lib/gcc/x86_64-linux-gnu/12/crtbeginS.o;/usr/lib/gcc/x86_64-linux-gnu/12/crtendS.o;/usr/lib/x86_64-linux-gnu/crtn.o]
  implicit dirs: [/usr/lib/gcc/x86_64-linux-gnu/12;/usr/lib/x86_64-linux-gnu;/usr/lib;/lib/x86_64-linux-gnu;/lib]
  implicit fwks: []


Performing C SOURCE FILE Test CMAKE_HAVE_LIBC_PTHREAD succeeded with the following output:
Change Dir: /home/lukas/git/notsureyet/client/target/debug/build/libzmq-sys-6233d8a1394670a2/out/build/CMakeFiles/CMakeScratch/TryCompile-cMhkyl

Run Build Command(s):/usr/bin/gmake -f Makefile cmTC_8abb0/fast && /usr/bin/gmake  -f CMakeFiles/cmTC_8abb0.dir/build.make CMakeFiles/cmTC_8abb0.dir/build
gmake[1]: Entering directory '/home/lukas/git/notsureyet/client/target/debug/build/libzmq-sys-6233d8a1394670a2/out/build/CMakeFiles/CMakeScratch/TryCompile-cMhkyl'
Building C object CMakeFiles/cmTC_8abb0.dir/src.c.o
/usr/bin/cc -DCMAKE_HAVE_LIBC_PTHREAD  -ffunction-sections -fdata-sections -fPIC -m64  -o CMakeFiles/cmTC_8abb0.dir/src.c.o -c /home/lukas/git/notsureyet/client/target/debug/build/libzmq-sys-6233d8a1394670a2/out/build/CMakeFiles/CMakeScratch/TryCompile-cMhkyl/src.c
Linking C executable cmTC_8abb0
/usr/bin/cmake -E cmake_link_script CMakeFiles/cmTC_8abb0.dir/link.txt --verbose=1
/usr/bin/cc  -ffunction-sections -fdata-sections -fPIC -m64  -rdynamic CMakeFiles/cmTC_8abb0.dir/src.c.o -o cmTC_8abb0 
gmake[1]: Leaving directory '/home/lukas/git/notsureyet/client/target/debug/build/libzmq-sys-6233d8a1394670a2/out/build/CMakeFiles/CMakeScratch/TryCompile-cMhkyl'


Source file was:
#include <pthread.h>

static void* test_func(void* data)
{
  return data;
}

int main(void)
{
  pthread_t thread;
  pthread_create(&thread, NULL, test_func, NULL);
  pthread_detach(thread);
  pthread_cancel(thread);
  pthread_join(thread, NULL);
  pthread_atfork(NULL, NULL, NULL);
  pthread_exit(NULL);

  return 0;
}


Performing C++ SOURCE FILE Test COMPILER_SUPPORTS_CXX11 succeeded with the following output:
Change Dir: /home/lukas/git/notsureyet/client/target/debug/build/libzmq-sys-6233d8a1394670a2/out/build/CMakeFiles/CMakeScratch/TryCompile-sI4yz2

Run Build Command(s):/usr/bin/gmake -f Makefile cmTC_a7a4d/fast && /usr/bin/gmake  -f CMakeFiles/cmTC_a7a4d.dir/build.make CMakeFiles/cmTC_a7a4d.dir/build
gmake[1]: Entering directory '/home/lukas/git/notsureyet/client/target/debug/build/libzmq-sys-6233d8a1394670a2/out/build/CMakeFiles/CMakeScratch/TryCompile-sI4yz2'
Building CXX object CMakeFiles/cmTC_a7a4d.dir/src.cxx.o
/usr/bin/c++ -DCOMPILER_SUPPORTS_CXX11  -ffunction-sections -fdata-sections -fPIC -m64    -std=gnu++11 -o CMakeFiles/cmTC_a7a4d.dir/src.cxx.o -c /home/lukas/git/notsureyet/client/target/debug/build/libzmq-sys-6233d8a1394670a2/out/build/CMakeFiles/CMakeScratch/TryCompile-sI4yz2/src.cxx
Linking CXX executable cmTC_a7a4d
/usr/bin/cmake -E cmake_link_script CMakeFiles/cmTC_a7a4d.dir/link.txt --verbose=1
/usr/bin/c++  -ffunction-sections -fdata-sections -fPIC -m64  -rdynamic CMakeFiles/cmTC_a7a4d.dir/src.cxx.o -o cmTC_a7a4d 
gmake[1]: Leaving directory '/home/lukas/git/notsureyet/client/target/debug/build/libzmq-sys-6233d8a1394670a2/out/build/CMakeFiles/CMakeScratch/TryCompile-sI4yz2'


Source file was:
int main() { return 0; }

Performing C SOURCE FILE Test COMPILER_SUPPORTS_C11 succeeded with the following output:
Change Dir: /home/lukas/git/notsureyet/client/target/debug/build/libzmq-sys-6233d8a1394670a2/out/build/CMakeFiles/CMakeScratch/TryCompile-DPQgSC

Run Build Command(s):/usr/bin/gmake -f Makefile cmTC_5f140/fast && /usr/bin/gmake  -f CMakeFiles/cmTC_5f140.dir/build.make CMakeFiles/cmTC_5f140.dir/build
gmake[1]: Entering directory '/home/lukas/git/notsureyet/client/target/debug/build/libzmq-sys-6233d8a1394670a2/out/build/CMakeFiles/CMakeScratch/TryCompile-DPQgSC'
Building C object CMakeFiles/cmTC_5f140.dir/src.c.o
/usr/bin/cc -DCOMPILER_SUPPORTS_C11  -ffunction-sections -fdata-sections -fPIC -m64    -std=gnu11 -o CMakeFiles/cmTC_5f140.dir/src.c.o -c /home/lukas/git/notsureyet/client/target/debug/build/libzmq-sys-6233d8a1394670a2/out/build/CMakeFiles/CMakeScratch/TryCompile-DPQgSC/src.c
Linking C executable cmTC_5f140
/usr/bin/cmake -E cmake_link_script CMakeFiles/cmTC_5f140.dir/link.txt --verbose=1
/usr/bin/cc  -ffunction-sections -fdata-sections -fPIC -m64  -rdynamic CMakeFiles/cmTC_5f140.dir/src.c.o -o cmTC_5f140 
gmake[1]: Leaving directory '/home/lukas/git/notsureyet/client/target/debug/build/libzmq-sys-6233d8a1394670a2/out/build/CMakeFiles/CMakeScratch/TryCompile-DPQgSC'


Source file was:
int main(void) { return 0; }

Performing C++ SOURCE FILE Test CXX_HAS_TAUT_WARNING succeeded with the following output:
Change Dir: /home/lukas/git/notsureyet/client/target/debug/build/libzmq-sys-6233d8a1394670a2/out/build/CMakeFiles/CMakeScratch/TryCompile-12Reix

Run Build Command(s):/usr/bin/gmake -f Makefile cmTC_c66eb/fast && /usr/bin/gmake  -f CMakeFiles/cmTC_c66eb.dir/build.make CMakeFiles/cmTC_c66eb.dir/build
gmake[1]: Entering directory '/home/lukas/git/notsureyet/client/target/debug/build/libzmq-sys-6233d8a1394670a2/out/build/CMakeFiles/CMakeScratch/TryCompile-12Reix'
Building CXX object CMakeFiles/cmTC_c66eb.dir/src.cxx.o
/usr/bin/c++ -DCXX_HAS_TAUT_WARNING  -ffunction-sections -fdata-sections -fPIC -m64 -std=gnu++11    -Wno-tautological-constant-compare -o CMakeFiles/cmTC_c66eb.dir/src.cxx.o -c /home/lukas/git/notsureyet/client/target/debug/build/libzmq-sys-6233d8a1394670a2/out/build/CMakeFiles/CMakeScratch/TryCompile-12Reix/src.cxx
Linking CXX executable cmTC_c66eb
/usr/bin/cmake -E cmake_link_script CMakeFiles/cmTC_c66eb.dir/link.txt --verbose=1
/usr/bin/c++  -ffunction-sections -fdata-sections -fPIC -m64 -std=gnu++11  -rdynamic CMakeFiles/cmTC_c66eb.dir/src.cxx.o -o cmTC_c66eb 
gmake[1]: Leaving directory '/home/lukas/git/notsureyet/client/target/debug/build/libzmq-sys-6233d8a1394670a2/out/build/CMakeFiles/CMakeScratch/TryCompile-12Reix'


Source file was:
int main() { return 0; }

Performing C SOURCE FILE Test CC_HAS_TAUT_WARNING succeeded with the following output:
Change Dir: /home/lukas/git/notsureyet/client/target/debug/build/libzmq-sys-6233d8a1394670a2/out/build/CMakeFiles/CMakeScratch/TryCompile-w4GOmb

Run Build Command(s):/usr/bin/gmake -f Makefile cmTC_2eee3/fast && /usr/bin/gmake  -f CMakeFiles/cmTC_2eee3.dir/build.make CMakeFiles/cmTC_2eee3.dir/build
gmake[1]: Entering directory '/home/lukas/git/notsureyet/client/target/debug/build/libzmq-sys-6233d8a1394670a2/out/build/CMakeFiles/CMakeScratch/TryCompile-w4GOmb'
Building C object CMakeFiles/cmTC_2eee3.dir/src.c.o
/usr/bin/cc -DCC_HAS_TAUT_WARNING  -ffunction-sections -fdata-sections -fPIC -m64 -std=gnu11    -Wno-tautological-constant-compare -o CMakeFiles/cmTC_2eee3.dir/src.c.o -c /home/lukas/git/notsureyet/client/target/debug/build/libzmq-sys-6233d8a1394670a2/out/build/CMakeFiles/CMakeScratch/TryCompile-w4GOmb/src.c
Linking C executable cmTC_2eee3
/usr/bin/cmake -E cmake_link_script CMakeFiles/cmTC_2eee3.dir/link.txt --verbose=1
/usr/bin/cc  -ffunction-sections -fdata-sections -fPIC -m64 -std=gnu11  -rdynamic CMakeFiles/cmTC_2eee3.dir/src.c.o -o cmTC_2eee3 
gmake[1]: Leaving directory '/home/lukas/git/notsureyet/client/target/debug/build/libzmq-sys-6233d8a1394670a2/out/build/CMakeFiles/CMakeScratch/TryCompile-w4GOmb'


Source file was:
int main(void) { return 0; }

Determining if the epoll_create exist passed with the following output:
Change Dir: /home/lukas/git/notsureyet/client/target/debug/build/libzmq-sys-6233d8a1394670a2/out/build/CMakeFiles/CMakeScratch/TryCompile-rZx6Ex

Run Build Command(s):/usr/bin/gmake -f Makefile cmTC_e7590/fast && /usr/bin/gmake  -f CMakeFiles/cmTC_e7590.dir/build.make CMakeFiles/cmTC_e7590.dir/build
gmake[1]: Entering directory '/home/lukas/git/notsureyet/client/target/debug/build/libzmq-sys-6233d8a1394670a2/out/build/CMakeFiles/CMakeScratch/TryCompile-rZx6Ex'
Building CXX object CMakeFiles/cmTC_e7590.dir/CheckSymbolExists.cxx.o
/usr/bin/c++   -ffunction-sections -fdata-sections -fPIC -m64 -std=gnu++11 -Wno-tautological-constant-compare  -o CMakeFiles/cmTC_e7590.dir/CheckSymbolExists.cxx.o -c /home/lukas/git/notsureyet/client/target/debug/build/libzmq-sys-6233d8a1394670a2/out/build/CMakeFiles/CMakeScratch/TryCompile-rZx6Ex/CheckSymbolExists.cxx
Linking CXX executable cmTC_e7590
/usr/bin/cmake -E cmake_link_script CMakeFiles/cmTC_e7590.dir/link.txt --verbose=1
/usr/bin/c++  -ffunction-sections -fdata-sections -fPIC -m64 -std=gnu++11 -Wno-tautological-constant-compare  -rdynamic CMakeFiles/cmTC_e7590.dir/CheckSymbolExists.cxx.o -o cmTC_e7590 
gmake[1]: Leaving directory '/home/lukas/git/notsureyet/client/target/debug/build/libzmq-sys-6233d8a1394670a2/out/build/CMakeFiles/CMakeScratch/TryCompile-rZx6Ex'


File CheckSymbolExists.cxx:
/* */
#include <sys/epoll.h>

int main(int argc, char** argv)
{
  (void)argv;
#ifndef epoll_create
  return ((int*)(&epoll_create))[argc];
#else
  (void)argc;
  return 0;
#endif
}
Determining if the epoll_create1 exist passed with the following output:
Change Dir: /home/lukas/git/notsureyet/client/target/debug/build/libzmq-sys-6233d8a1394670a2/out/build/CMakeFiles/CMakeScratch/TryCompile-i0MkJB

Run Build Command(s):/usr/bin/gmake -f Makefile cmTC_19447/fast && /usr/bin/gmake  -f CMakeFiles/cmTC_19447.dir/build.make CMakeFiles/cmTC_19447.dir/build
gmake[1]: Entering directory '/home/lukas/git/notsureyet/client/target/debug/build/libzmq-sys-6233d8a1394670a2/out/build/CMakeFiles/CMakeScratch/TryCompile-i0MkJB'
Building CXX object CMakeFiles/cmTC_19447.dir/CheckSymbolExists.cxx.o
/usr/bin/c++   -ffunction-sections -fdata-sections -fPIC -m64 -std=gnu++11 -Wno-tautological-constant-compare  -o CMakeFiles/cmTC_19447.dir/CheckSymbolExists.cxx.o -c /home/lukas/git/notsureyet/client/target/debug/build/libzmq-sys-6233d8a1394670a2/out/build/CMakeFiles/CMakeScratch/TryCompile-i0MkJB/CheckSymbolExists.cxx
Linking CXX executable cmTC_19447
/usr/bin/cmake -E cmake_link_script CMakeFiles/cmTC_19447.dir/link.txt --verbose=1
/usr/bin/c++  -ffunction-sections -fdata-sections -fPIC -m64 -std=gnu++11 -Wno-tautological-constant-compare  -rdynamic CMakeFiles/cmTC_19447.dir/CheckSymbolExists.cxx.o -o cmTC_19447 
gmake[1]: Leaving directory '/home/lukas/git/notsureyet/client/target/debug/build/libzmq-sys-6233d8a1394670a2/out/build/CMakeFiles/CMakeScratch/TryCompile-i0MkJB'


File CheckSymbolExists.cxx:
/* */
#include <sys/epoll.h>

int main(int argc, char** argv)
{
  (void)argv;
#ifndef epoll_create1
  return ((int*)(&epoll_create1))[argc];
#else
  (void)argc;
  return 0;
#endif
}
Determining if files condition_variable exist passed with the following output:
Change Dir: /home/lukas/git/notsureyet/client/target/debug/build/libzmq-sys-6233d8a1394670a2/out/build/CMakeFiles/CMakeScratch/TryCompile-z9oDPL

Run Build Command(s):/usr/bin/gmake -f Makefile cmTC_91d8a/fast && /usr/bin/gmake  -f CMakeFiles/cmTC_91d8a.dir/build.make CMakeFiles/cmTC_91d8a.dir/build
gmake[1]: Entering directory '/home/lukas/git/notsureyet/client/target/debug/build/libzmq-sys-6233d8a1394670a2/out/build/CMakeFiles/CMakeScratch/TryCompile-z9oDPL'
Building CXX object CMakeFiles/cmTC_91d8a.dir/ZMQ_HAVE_STL_CONDITION_VARIABLE.cpp.o
/usr/bin/c++   -ffunction-sections -fdata-sections -fPIC -m64 -std=gnu++11 -Wno-tautological-constant-compare  -o CMakeFiles/cmTC_91d8a.dir/ZMQ_HAVE_STL_CONDITION_VARIABLE.cpp.o -c /home/lukas/git/notsureyet/client/target/debug/build/libzmq-sys-6233d8a1394670a2/out/build/CMakeFiles/CMakeScratch/TryCompile-z9oDPL/ZMQ_HAVE_STL_CONDITION_VARIABLE.cpp
Linking CXX executable cmTC_91d8a
/usr/bin/cmake -E cmake_link_script CMakeFiles/cmTC_91d8a.dir/link.txt --verbose=1
/usr/bin/c++  -ffunction-sections -fdata-sections -fPIC -m64 -std=gnu++11 -Wno-tautological-constant-compare  -rdynamic CMakeFiles/cmTC_91d8a.dir/ZMQ_HAVE_STL_CONDITION_VARIABLE.cpp.o -o cmTC_91d8a 
gmake[1]: Leaving directory '/home/lukas/git/notsureyet/client/target/debug/build/libzmq-sys-6233d8a1394670a2/out/build/CMakeFiles/CMakeScratch/TryCompile-z9oDPL'



Determining if files ifaddrs.h exist passed with the following output:
Change Dir: /home/lukas/git/notsureyet/client/target/debug/build/libzmq-sys-6233d8a1394670a2/out/build/CMakeFiles/CMakeScratch/TryCompile-JRSWV3

Run Build Command(s):/usr/bin/gmake -f Makefile cmTC_d7967/fast && /usr/bin/gmake  -f CMakeFiles/cmTC_d7967.dir/build.make CMakeFiles/cmTC_d7967.dir/build
gmake[1]: Entering directory '/home/lukas/git/notsureyet/client/target/debug/build/libzmq-sys-6233d8a1394670a2/out/build/CMakeFiles/CMakeScratch/TryCompile-JRSWV3'
Building C object CMakeFiles/cmTC_d7967.dir/ZMQ_HAVE_IFADDRS.c.o
/usr/bin/cc   -ffunction-sections -fdata-sections -fPIC -m64 -std=gnu11 -Wno-tautological-constant-compare  -o CMakeFiles/cmTC_d7967.dir/ZMQ_HAVE_IFADDRS.c.o -c /home/lukas/git/notsureyet/client/target/debug/build/libzmq-sys-6233d8a1394670a2/out/build/CMakeFiles/CMakeScratch/TryCompile-JRSWV3/ZMQ_HAVE_IFADDRS.c
Linking C executable cmTC_d7967
/usr/bin/cmake -E cmake_link_script CMakeFiles/cmTC_d7967.dir/link.txt --verbose=1
/usr/bin/cc  -ffunction-sections -fdata-sections -fPIC -m64 -std=gnu11 -Wno-tautological-constant-compare  -rdynamic CMakeFiles/cmTC_d7967.dir/ZMQ_HAVE_IFADDRS.c.o -o cmTC_d7967 
gmake[1]: Leaving directory '/home/lukas/git/notsureyet/client/target/debug/build/libzmq-sys-6233d8a1394670a2/out/build/CMakeFiles/CMakeScratch/TryCompile-JRSWV3'



Determining if files sys/uio.h exist passed with the following output:
Change Dir: /home/lukas/git/notsureyet/client/target/debug/build/libzmq-sys-6233d8a1394670a2/out/build/CMakeFiles/CMakeScratch/TryCompile-lkFr9Y

Run Build Command(s):/usr/bin/gmake -f Makefile cmTC_d12d6/fast && /usr/bin/gmake  -f CMakeFiles/cmTC_d12d6.dir/build.make CMakeFiles/cmTC_d12d6.dir/build
gmake[1]: Entering directory '/home/lukas/git/notsureyet/client/target/debug/build/libzmq-sys-6233d8a1394670a2/out/build/CMakeFiles/CMakeScratch/TryCompile-lkFr9Y'
Building C object CMakeFiles/cmTC_d12d6.dir/ZMQ_HAVE_UIO.c.o
/usr/bin/cc   -ffunction-sections -fdata-sections -fPIC -m64 -std=gnu11 -Wno-tautological-constant-compare  -o CMakeFiles/cmTC_d12d6.dir/ZMQ_HAVE_UIO.c.o -c /home/lukas/git/notsureyet/client/target/debug/build/libzmq-sys-6233d8a1394670a2/out/build/CMakeFiles/CMakeScratch/TryCompile-lkFr9Y/ZMQ_HAVE_UIO.c
Linking C executable cmTC_d12d6
/usr/bin/cmake -E cmake_link_script CMakeFiles/cmTC_d12d6.dir/link.txt --verbose=1
/usr/bin/cc  -ffunction-sections -fdata-sections -fPIC -m64 -std=gnu11 -Wno-tautological-constant-compare  -rdynamic CMakeFiles/cmTC_d12d6.dir/ZMQ_HAVE_UIO.c.o -o cmTC_d12d6 
gmake[1]: Leaving directory '/home/lukas/git/notsureyet/client/target/debug/build/libzmq-sys-6233d8a1394670a2/out/build/CMakeFiles/CMakeScratch/TryCompile-lkFr9Y'



Determining if files sys/eventfd.h exist passed with the following output:
Change Dir: /home/lukas/git/notsureyet/client/target/debug/build/libzmq-sys-6233d8a1394670a2/out/build/CMakeFiles/CMakeScratch/TryCompile-nNgYUq

Run Build Command(s):/usr/bin/gmake -f Makefile cmTC_d97f8/fast && /usr/bin/gmake  -f CMakeFiles/cmTC_d97f8.dir/build.make CMakeFiles/cmTC_d97f8.dir/build
gmake[1]: Entering directory '/home/lukas/git/notsureyet/client/target/debug/build/libzmq-sys-6233d8a1394670a2/out/build/CMakeFiles/CMakeScratch/TryCompile-nNgYUq'
Building C object CMakeFiles/cmTC_d97f8.dir/ZMQ_HAVE_EVENTFD.c.o
/usr/bin/cc   -ffunction-sections -fdata-sections -fPIC -m64 -std=gnu11 -Wno-tautological-constant-compare  -o CMakeFiles/cmTC_d97f8.dir/ZMQ_HAVE_EVENTFD.c.o -c /home/lukas/git/notsureyet/client/target/debug/build/libzmq-sys-6233d8a1394670a2/out/build/CMakeFiles/CMakeScratch/TryCompile-nNgYUq/ZMQ_HAVE_EVENTFD.c
Linking C executable cmTC_d97f8
/usr/bin/cmake -E cmake_link_script CMakeFiles/cmTC_d97f8.dir/link.txt --verbose=1
/usr/bin/cc  -ffunction-sections -fdata-sections -fPIC -m64 -std=gnu11 -Wno-tautological-constant-compare  -rdynamic CMakeFiles/cmTC_d97f8.dir/ZMQ_HAVE_EVENTFD.c.o -o cmTC_d97f8 
gmake[1]: Leaving directory '/home/lukas/git/notsureyet/client/target/debug/build/libzmq-sys-6233d8a1394670a2/out/build/CMakeFiles/CMakeScratch/TryCompile-nNgYUq'



Performing C SOURCE FILE Test ZMQ_HAVE_EVENTFD_CLOEXEC succeeded with the following compile output:
Change Dir: /home/lukas/git/notsureyet/client/target/debug/build/libzmq-sys-6233d8a1394670a2/out/build/CMakeFiles/CMakeScratch/TryCompile-AKACSv

Run Build Command(s):/usr/bin/gmake -f Makefile cmTC_415cf/fast && /usr/bin/gmake  -f CMakeFiles/cmTC_415cf.dir/build.make CMakeFiles/cmTC_415cf.dir/build
gmake[1]: Entering directory '/home/lukas/git/notsureyet/client/target/debug/build/libzmq-sys-6233d8a1394670a2/out/build/CMakeFiles/CMakeScratch/TryCompile-AKACSv'
Building C object CMakeFiles/cmTC_415cf.dir/src.c.o
/usr/bin/cc -DZMQ_HAVE_EVENTFD_CLOEXEC  -ffunction-sections -fdata-sections -fPIC -m64 -std=gnu11 -Wno-tautological-constant-compare  -o CMakeFiles/cmTC_415cf.dir/src.c.o -c /home/lukas/git/notsureyet/client/target/debug/build/libzmq-sys-6233d8a1394670a2/out/build/CMakeFiles/CMakeScratch/TryCompile-AKACSv/src.c
Linking C executable cmTC_415cf
/usr/bin/cmake -E cmake_link_script CMakeFiles/cmTC_415cf.dir/link.txt --verbose=1
/usr/bin/cc  -ffunction-sections -fdata-sections -fPIC -m64 -std=gnu11 -Wno-tautological-constant-compare  -rdynamic CMakeFiles/cmTC_415cf.dir/src.c.o -o cmTC_415cf 
gmake[1]: Leaving directory '/home/lukas/git/notsureyet/client/target/debug/build/libzmq-sys-6233d8a1394670a2/out/build/CMakeFiles/CMakeScratch/TryCompile-AKACSv'


...and run output:

Return value: 1
Source file was:

#include <sys/eventfd.h>

int main(int argc, char *argv [])
{
    int s = eventfd (0, EFD_CLOEXEC);
    return(s == -1);
}


Determining if the SO_PEERCRED exist passed with the following output:
Change Dir: /home/lukas/git/notsureyet/client/target/debug/build/libzmq-sys-6233d8a1394670a2/out/build/CMakeFiles/CMakeScratch/TryCompile-KjnTdz

Run Build Command(s):/usr/bin/gmake -f Makefile cmTC_8e5fd/fast && /usr/bin/gmake  -f CMakeFiles/cmTC_8e5fd.dir/build.make CMakeFiles/cmTC_8e5fd.dir/build
gmake[1]: Entering directory '/home/lukas/git/notsureyet/client/target/debug/build/libzmq-sys-6233d8a1394670a2/out/build/CMakeFiles/CMakeScratch/TryCompile-KjnTdz'
Building CXX object CMakeFiles/cmTC_8e5fd.dir/CheckSymbolExists.cxx.o
/usr/bin/c++   -ffunction-sections -fdata-sections -fPIC -m64 -std=gnu++11 -Wno-tautological-constant-compare  -o CMakeFiles/cmTC_8e5fd.dir/CheckSymbolExists.cxx.o -c /home/lukas/git/notsureyet/client/target/debug/build/libzmq-sys-6233d8a1394670a2/out/build/CMakeFiles/CMakeScratch/TryCompile-KjnTdz/CheckSymbolExists.cxx
Linking CXX executable cmTC_8e5fd
/usr/bin/cmake -E cmake_link_script CMakeFiles/cmTC_8e5fd.dir/link.txt --verbose=1
/usr/bin/c++  -ffunction-sections -fdata-sections -fPIC -m64 -std=gnu++11 -Wno-tautological-constant-compare  -rdynamic CMakeFiles/cmTC_8e5fd.dir/CheckSymbolExists.cxx.o -o cmTC_8e5fd 
gmake[1]: Leaving directory '/home/lukas/git/notsureyet/client/target/debug/build/libzmq-sys-6233d8a1394670a2/out/build/CMakeFiles/CMakeScratch/TryCompile-KjnTdz'


File CheckSymbolExists.cxx:
/* */
#include <sys/socket.h>

int main(int argc, char** argv)
{
  (void)argv;
#ifndef SO_PEERCRED
  return ((int*)(&SO_PEERCRED))[argc];
#else
  (void)argc;
  return 0;
#endif
}
Determining if the clock_gettime exist passed with the following output:
Change Dir: /home/lukas/git/notsureyet/client/target/debug/build/libzmq-sys-6233d8a1394670a2/out/build/CMakeFiles/CMakeScratch/TryCompile-bVCDey

Run Build Command(s):/usr/bin/gmake -f Makefile cmTC_291ce/fast && /usr/bin/gmake  -f CMakeFiles/cmTC_291ce.dir/build.make CMakeFiles/cmTC_291ce.dir/build
gmake[1]: Entering directory '/home/lukas/git/notsureyet/client/target/debug/build/libzmq-sys-6233d8a1394670a2/out/build/CMakeFiles/CMakeScratch/TryCompile-bVCDey'
Building CXX object CMakeFiles/cmTC_291ce.dir/CheckSymbolExists.cxx.o
/usr/bin/c++   -ffunction-sections -fdata-sections -fPIC -m64 -std=gnu++11 -Wno-tautological-constant-compare  -o CMakeFiles/cmTC_291ce.dir/CheckSymbolExists.cxx.o -c /home/lukas/git/notsureyet/client/target/debug/build/libzmq-sys-6233d8a1394670a2/out/build/CMakeFiles/CMakeScratch/TryCompile-bVCDey/CheckSymbolExists.cxx
Linking CXX executable cmTC_291ce
/usr/bin/cmake -E cmake_link_script CMakeFiles/cmTC_291ce.dir/link.txt --verbose=1
/usr/bin/c++  -ffunction-sections -fdata-sections -fPIC -m64 -std=gnu++11 -Wno-tautological-constant-compare  -rdynamic CMakeFiles/cmTC_291ce.dir/CheckSymbolExists.cxx.o -o cmTC_291ce  -lrt 
gmake[1]: Leaving directory '/home/lukas/git/notsureyet/client/target/debug/build/libzmq-sys-6233d8a1394670a2/out/build/CMakeFiles/CMakeScratch/TryCompile-bVCDey'


File CheckSymbolExists.cxx:
/* */
#include <time.h>

int main(int argc, char** argv)
{
  (void)argv;
#ifndef clock_gettime
  return ((int*)(&clock_gettime))[argc];
#else
  (void)argc;
  return 0;
#endif
}
Determining if the fork exist passed with the following output:
Change Dir: /home/lukas/git/notsureyet/client/target/debug/build/libzmq-sys-6233d8a1394670a2/out/build/CMakeFiles/CMakeScratch/TryCompile-Lag9UB

Run Build Command(s):/usr/bin/gmake -f Makefile cmTC_23721/fast && /usr/bin/gmake  -f CMakeFiles/cmTC_23721.dir/build.make CMakeFiles/cmTC_23721.dir/build
gmake[1]: Entering directory '/home/lukas/git/notsureyet/client/target/debug/build/libzmq-sys-6233d8a1394670a2/out/build/CMakeFiles/CMakeScratch/TryCompile-Lag9UB'
Building CXX object CMakeFiles/cmTC_23721.dir/CheckSymbolExists.cxx.o
/usr/bin/c++   -ffunction-sections -fdata-sections -fPIC -m64 -std=gnu++11 -Wno-tautological-constant-compare  -o CMakeFiles/cmTC_23721.dir/CheckSymbolExists.cxx.o -c /home/lukas/git/notsureyet/client/target/debug/build/libzmq-sys-6233d8a1394670a2/out/build/CMakeFiles/CMakeScratch/TryCompile-Lag9UB/CheckSymbolExists.cxx
Linking CXX executable cmTC_23721
/usr/bin/cmake -E cmake_link_script CMakeFiles/cmTC_23721.dir/link.txt --verbose=1
/usr/bin/c++  -ffunction-sections -fdata-sections -fPIC -m64 -std=gnu++11 -Wno-tautological-constant-compare  -rdynamic CMakeFiles/cmTC_23721.dir/CheckSymbolExists.cxx.o -o cmTC_23721 
gmake[1]: Leaving directory '/home/lukas/git/notsureyet/client/target/debug/build/libzmq-sys-6233d8a1394670a2/out/build/CMakeFiles/CMakeScratch/TryCompile-Lag9UB'


File CheckSymbolExists.cxx:
/* */
#include <unistd.h>

int main(int argc, char** argv)
{
  (void)argv;
#ifndef fork
  return ((int*)(&fork))[argc];
#else
  (void)argc;
  return 0;
#endif
}
Determining if the mkdtemp exist passed with the following output:
Change Dir: /home/lukas/git/notsureyet/client/target/debug/build/libzmq-sys-6233d8a1394670a2/out/build/CMakeFiles/CMakeScratch/TryCompile-MjUuYu

Run Build Command(s):/usr/bin/gmake -f Makefile cmTC_70f2c/fast && /usr/bin/gmake  -f CMakeFiles/cmTC_70f2c.dir/build.make CMakeFiles/cmTC_70f2c.dir/build
gmake[1]: Entering directory '/home/lukas/git/notsureyet/client/target/debug/build/libzmq-sys-6233d8a1394670a2/out/build/CMakeFiles/CMakeScratch/TryCompile-MjUuYu'
Building CXX object CMakeFiles/cmTC_70f2c.dir/CheckSymbolExists.cxx.o
/usr/bin/c++   -ffunction-sections -fdata-sections -fPIC -m64 -std=gnu++11 -Wno-tautological-constant-compare  -o CMakeFiles/cmTC_70f2c.dir/CheckSymbolExists.cxx.o -c /home/lukas/git/notsureyet/client/target/debug/build/libzmq-sys-6233d8a1394670a2/out/build/CMakeFiles/CMakeScratch/TryCompile-MjUuYu/CheckSymbolExists.cxx
Linking CXX executable cmTC_70f2c
/usr/bin/cmake -E cmake_link_script CMakeFiles/cmTC_70f2c.dir/link.txt --verbose=1
/usr/bin/c++  -ffunction-sections -fdata-sections -fPIC -m64 -std=gnu++11 -Wno-tautological-constant-compare  -rdynamic CMakeFiles/cmTC_70f2c.dir/CheckSymbolExists.cxx.o -o cmTC_70f2c 
gmake[1]: Leaving directory '/home/lukas/git/notsureyet/client/target/debug/build/libzmq-sys-6233d8a1394670a2/out/build/CMakeFiles/CMakeScratch/TryCompile-MjUuYu'


File CheckSymbolExists.cxx:
/* */
#include <stdlib.h>

int main(int argc, char** argv)
{
  (void)argv;
#ifndef mkdtemp
  return ((int*)(&mkdtemp))[argc];
#else
  (void)argc;
  return 0;
#endif
}
Determining if the accept4 exist passed with the following output:
Change Dir: /home/lukas/git/notsureyet/client/target/debug/build/libzmq-sys-6233d8a1394670a2/out/build/CMakeFiles/CMakeScratch/TryCompile-5QREAw

Run Build Command(s):/usr/bin/gmake -f Makefile cmTC_c7c28/fast && /usr/bin/gmake  -f CMakeFiles/cmTC_c7c28.dir/build.make CMakeFiles/cmTC_c7c28.dir/build
gmake[1]: Entering directory '/home/lukas/git/notsureyet/client/target/debug/build/libzmq-sys-6233d8a1394670a2/out/build/CMakeFiles/CMakeScratch/TryCompile-5QREAw'
Building CXX object CMakeFiles/cmTC_c7c28.dir/CheckSymbolExists.cxx.o
/usr/bin/c++   -ffunction-sections -fdata-sections -fPIC -m64 -std=gnu++11 -Wno-tautological-constant-compare  -o CMakeFiles/cmTC_c7c28.dir/CheckSymbolExists.cxx.o -c /home/lukas/git/notsureyet/client/target/debug/build/libzmq-sys-6233d8a1394670a2/out/build/CMakeFiles/CMakeScratch/TryCompile-5QREAw/CheckSymbolExists.cxx
Linking CXX executable cmTC_c7c28
/usr/bin/cmake -E cmake_link_script CMakeFiles/cmTC_c7c28.dir/link.txt --verbose=1
/usr/bin/c++  -ffunction-sections -fdata-sections -fPIC -m64 -std=gnu++11 -Wno-tautological-constant-compare  -rdynamic CMakeFiles/cmTC_c7c28.dir/CheckSymbolExists.cxx.o -o cmTC_c7c28 
gmake[1]: Leaving directory '/home/lukas/git/notsureyet/client/target/debug/build/libzmq-sys-6233d8a1394670a2/out/build/CMakeFiles/CMakeScratch/TryCompile-5QREAw'


File CheckSymbolExists.cxx:
/* */
#include <sys/socket.h>

int main(int argc, char** argv)
{
  (void)argv;
#ifndef accept4
  return ((int*)(&accept4))[argc];
#else
  (void)argc;
  return 0;
#endif
}
Determining if the strnlen exist passed with the following output:
Change Dir: /home/lukas/git/notsureyet/client/target/debug/build/libzmq-sys-6233d8a1394670a2/out/build/CMakeFiles/CMakeScratch/TryCompile-wKk88f

Run Build Command(s):/usr/bin/gmake -f Makefile cmTC_c797c/fast && /usr/bin/gmake  -f CMakeFiles/cmTC_c797c.dir/build.make CMakeFiles/cmTC_c797c.dir/build
gmake[1]: Entering directory '/home/lukas/git/notsureyet/client/target/debug/build/libzmq-sys-6233d8a1394670a2/out/build/CMakeFiles/CMakeScratch/TryCompile-wKk88f'
Building CXX object CMakeFiles/cmTC_c797c.dir/CheckSymbolExists.cxx.o
/usr/bin/c++   -ffunction-sections -fdata-sections -fPIC -m64 -std=gnu++11 -Wno-tautological-constant-compare  -o CMakeFiles/cmTC_c797c.dir/CheckSymbolExists.cxx.o -c /home/lukas/git/notsureyet/client/target/debug/build/libzmq-sys-6233d8a1394670a2/out/build/CMakeFiles/CMakeScratch/TryCompile-wKk88f/CheckSymbolExists.cxx
Linking CXX executable cmTC_c797c
/usr/bin/cmake -E cmake_link_script CMakeFiles/cmTC_c797c.dir/link.txt --verbose=1
/usr/bin/c++  -ffunction-sections -fdata-sections -fPIC -m64 -std=gnu++11 -Wno-tautological-constant-compare  -rdynamic CMakeFiles/cmTC_c797c.dir/CheckSymbolExists.cxx.o -o cmTC_c797c 
gmake[1]: Leaving directory '/home/lukas/git/notsureyet/client/target/debug/build/libzmq-sys-6233d8a1394670a2/out/build/CMakeFiles/CMakeScratch/TryCompile-wKk88f'


File CheckSymbolExists.cxx:
/* */
#include <string.h>

int main(int argc, char** argv)
{
  (void)argv;
#ifndef strnlen
  return ((int*)(&strnlen))[argc];
#else
  (void)argc;
  return 0;
#endif
}
Performing C++ SOURCE FILE Test ZMQ_HAVE_NOEXCEPT succeeded with the following output:
Change Dir: /home/lukas/git/notsureyet/client/target/debug/build/libzmq-sys-6233d8a1394670a2/out/build/CMakeFiles/CMakeScratch/TryCompile-9CKgJj

Run Build Command(s):/usr/bin/gmake -f Makefile cmTC_a085e/fast && /usr/bin/gmake  -f CMakeFiles/cmTC_a085e.dir/build.make CMakeFiles/cmTC_a085e.dir/build
gmake[1]: Entering directory '/home/lukas/git/notsureyet/client/target/debug/build/libzmq-sys-6233d8a1394670a2/out/build/CMakeFiles/CMakeScratch/TryCompile-9CKgJj'
Building CXX object CMakeFiles/cmTC_a085e.dir/src.cxx.o
/usr/bin/c++ -DZMQ_HAVE_NOEXCEPT  -ffunction-sections -fdata-sections -fPIC -m64 -std=gnu++11 -Wno-tautological-constant-compare  -o CMakeFiles/cmTC_a085e.dir/src.cxx.o -c /home/lukas/git/notsureyet/client/target/debug/build/libzmq-sys-6233d8a1394670a2/out/build/CMakeFiles/CMakeScratch/TryCompile-9CKgJj/src.cxx
Linking CXX executable cmTC_a085e
/usr/bin/cmake -E cmake_link_script CMakeFiles/cmTC_a085e.dir/link.txt --verbose=1
/usr/bin/c++  -ffunction-sections -fdata-sections -fPIC -m64 -std=gnu++11 -Wno-tautological-constant-compare  -rdynamic CMakeFiles/cmTC_a085e.dir/src.cxx.o -o cmTC_a085e 
gmake[1]: Leaving directory '/home/lukas/git/notsureyet/client/target/debug/build/libzmq-sys-6233d8a1394670a2/out/build/CMakeFiles/CMakeScratch/TryCompile-9CKgJj'


Source file was:

struct X 
{
    X(int i) noexcept {}
};

int main(int argc, char *argv [])
{
    X x(5);
    return 0;
}


Performing C SOURCE FILE Test ZMQ_HAVE_SOCK_CLOEXEC succeeded with the following compile output:
Change Dir: /home/lukas/git/notsureyet/client/target/debug/build/libzmq-sys-6233d8a1394670a2/out/build/CMakeFiles/CMakeScratch/TryCompile-ZBbFbR

Run Build Command(s):/usr/bin/gmake -f Makefile cmTC_af094/fast && /usr/bin/gmake  -f CMakeFiles/cmTC_af094.dir/build.make CMakeFiles/cmTC_af094.dir/build
gmake[1]: Entering directory '/home/lukas/git/notsureyet/client/target/debug/build/libzmq-sys-6233d8a1394670a2/out/build/CMakeFiles/CMakeScratch/TryCompile-ZBbFbR'
Building C object CMakeFiles/cmTC_af094.dir/src.c.o
/usr/bin/cc -DZMQ_HAVE_SOCK_CLOEXEC  -ffunction-sections -fdata-sections -fPIC -m64 -std=gnu11 -Wno-tautological-constant-compare  -o CMakeFiles/cmTC_af094.dir/src.c.o -c /home/lukas/git/notsureyet/client/target/debug/build/libzmq-sys-6233d8a1394670a2/out/build/CMakeFiles/CMakeScratch/TryCompile-ZBbFbR/src.c
Linking C executable cmTC_af094
/usr/bin/cmake -E cmake_link_script CMakeFiles/cmTC_af094.dir/link.txt --verbose=1
/usr/bin/cc  -ffunction-sections -fdata-sections -fPIC -m64 -std=gnu11 -Wno-tautological-constant-compare  -rdynamic CMakeFiles/cmTC_af094.dir/src.c.o -o cmTC_af094 
gmake[1]: Leaving directory '/home/lukas/git/notsureyet/client/target/debug/build/libzmq-sys-6233d8a1394670a2/out/build/CMakeFiles/CMakeScratch/TryCompile-ZBbFbR'


...and run output:

Return value: 1
Source file was:

#include <sys/types.h>
#include <sys/socket.h>

int main(int argc, char *argv [])
{
    int s = socket(PF_INET, SOCK_STREAM | SOCK_CLOEXEC, 0);
    return(s == -1);
}


Performing C SOURCE FILE Test ZMQ_HAVE_O_CLOEXEC succeeded with the following compile output:
Change Dir: /home/lukas/git/notsureyet/client/target/debug/build/libzmq-sys-6233d8a1394670a2/out/build/CMakeFiles/CMakeScratch/TryCompile-RDHnLu

Run Build Command(s):/usr/bin/gmake -f Makefile cmTC_c8b66/fast && /usr/bin/gmake  -f CMakeFiles/cmTC_c8b66.dir/build.make CMakeFiles/cmTC_c8b66.dir/build
gmake[1]: Entering directory '/home/lukas/git/notsureyet/client/target/debug/build/libzmq-sys-6233d8a1394670a2/out/build/CMakeFiles/CMakeScratch/TryCompile-RDHnLu'
Building C object CMakeFiles/cmTC_c8b66.dir/src.c.o
/usr/bin/cc -DZMQ_HAVE_O_CLOEXEC  -ffunction-sections -fdata-sections -fPIC -m64 -std=gnu11 -Wno-tautological-constant-compare  -o CMakeFiles/cmTC_c8b66.dir/src.c.o -c /home/lukas/git/notsureyet/client/target/debug/build/libzmq-sys-6233d8a1394670a2/out/build/CMakeFiles/CMakeScratch/TryCompile-RDHnLu/src.c
Linking C executable cmTC_c8b66
/usr/bin/cmake -E cmake_link_script CMakeFiles/cmTC_c8b66.dir/link.txt --verbose=1
/usr/bin/cc  -ffunction-sections -fdata-sections -fPIC -m64 -std=gnu11 -Wno-tautological-constant-compare  -rdynamic CMakeFiles/cmTC_c8b66.dir/src.c.o -o cmTC_c8b66 
gmake[1]: Leaving directory '/home/lukas/git/notsureyet/client/target/debug/build/libzmq-sys-6233d8a1394670a2/out/build/CMakeFiles/CMakeScratch/TryCompile-RDHnLu'


...and run output:

Return value: 1
Source file was:

#include <sys/types.h>
#include <sys/stat.h>
#include <fcntl.h>

int main(int argc, char *argv [])
{
    int s = open ("/dev/null", O_CLOEXEC | O_RDONLY);
    return s == -1;
}


Performing C SOURCE FILE Test ZMQ_HAVE_SO_BINDTODEVICE succeeded with the following compile output:
Change Dir: /home/lukas/git/notsureyet/client/target/debug/build/libzmq-sys-6233d8a1394670a2/out/build/CMakeFiles/CMakeScratch/TryCompile-BFUOlt

Run Build Command(s):/usr/bin/gmake -f Makefile cmTC_a8148/fast && /usr/bin/gmake  -f CMakeFiles/cmTC_a8148.dir/build.make CMakeFiles/cmTC_a8148.dir/build
gmake[1]: Entering directory '/home/lukas/git/notsureyet/client/target/debug/build/libzmq-sys-6233d8a1394670a2/out/build/CMakeFiles/CMakeScratch/TryCompile-BFUOlt'
Building C object CMakeFiles/cmTC_a8148.dir/src.c.o
/usr/bin/cc -DZMQ_HAVE_SO_BINDTODEVICE  -ffunction-sections -fdata-sections -fPIC -m64 -std=gnu11 -Wno-tautological-constant-compare  -o CMakeFiles/cmTC_a8148.dir/src.c.o -c /home/lukas/git/notsureyet/client/target/debug/build/libzmq-sys-6233d8a1394670a2/out/build/CMakeFiles/CMakeScratch/TryCompile-BFUOlt/src.c
Linking C executable cmTC_a8148
/usr/bin/cmake -E cmake_link_script CMakeFiles/cmTC_a8148.dir/link.txt --verbose=1
/usr/bin/cc  -ffunction-sections -fdata-sections -fPIC -m64 -std=gnu11 -Wno-tautological-constant-compare  -rdynamic CMakeFiles/cmTC_a8148.dir/src.c.o -o cmTC_a8148 
gmake[1]: Leaving directory '/home/lukas/git/notsureyet/client/target/debug/build/libzmq-sys-6233d8a1394670a2/out/build/CMakeFiles/CMakeScratch/TryCompile-BFUOlt'


...and run output:

Return value: 1
Source file was:

#include <sys/socket.h>

int main(int argc, char *argv [])
{
/* Actually making the setsockopt() call requires CAP_NET_RAW */
#ifndef SO_BINDTODEVICE
    return 1;
#else
    return 0;
#endif
}


Performing C SOURCE FILE Test ZMQ_HAVE_SO_KEEPALIVE succeeded with the following compile output:
Change Dir: /home/lukas/git/notsureyet/client/target/debug/build/libzmq-sys-6233d8a1394670a2/out/build/CMakeFiles/CMakeScratch/TryCompile-RwTzNb

Run Build Command(s):/usr/bin/gmake -f Makefile cmTC_d65e7/fast && /usr/bin/gmake  -f CMakeFiles/cmTC_d65e7.dir/build.make CMakeFiles/cmTC_d65e7.dir/build
gmake[1]: Entering directory '/home/lukas/git/notsureyet/client/target/debug/build/libzmq-sys-6233d8a1394670a2/out/build/CMakeFiles/CMakeScratch/TryCompile-RwTzNb'
Building C object CMakeFiles/cmTC_d65e7.dir/src.c.o
/usr/bin/cc -DZMQ_HAVE_SO_KEEPALIVE  -ffunction-sections -fdata-sections -fPIC -m64 -std=gnu11 -Wno-tautological-constant-compare  -o CMakeFiles/cmTC_d65e7.dir/src.c.o -c /home/lukas/git/notsureyet/client/target/debug/build/libzmq-sys-6233d8a1394670a2/out/build/CMakeFiles/CMakeScratch/TryCompile-RwTzNb/src.c
Linking C executable cmTC_d65e7
/usr/bin/cmake -E cmake_link_script CMakeFiles/cmTC_d65e7.dir/link.txt --verbose=1
/usr/bin/cc  -ffunction-sections -fdata-sections -fPIC -m64 -std=gnu11 -Wno-tautological-constant-compare  -rdynamic CMakeFiles/cmTC_d65e7.dir/src.c.o -o cmTC_d65e7 
gmake[1]: Leaving directory '/home/lukas/git/notsureyet/client/target/debug/build/libzmq-sys-6233d8a1394670a2/out/build/CMakeFiles/CMakeScratch/TryCompile-RwTzNb'


...and run output:

Return value: 1
Source file was:

#include <sys/types.h>
#include <sys/socket.h>

int main(int argc, char *argv [])
{
    int s, rc, opt = 1;
    return(
       ((s = socket(PF_INET, SOCK_STREAM, 0)) == -1) ||
       ((rc = setsockopt(s, SOL_SOCKET, SO_KEEPALIVE,(char*) &opt, sizeof(int))) == -1)
    );
}


Performing C SOURCE FILE Test ZMQ_HAVE_TCP_KEEPCNT succeeded with the following compile output:
Change Dir: /home/lukas/git/notsureyet/client/target/debug/build/libzmq-sys-6233d8a1394670a2/out/build/CMakeFiles/CMakeScratch/TryCompile-f6cDK2

Run Build Command(s):/usr/bin/gmake -f Makefile cmTC_783c4/fast && /usr/bin/gmake  -f CMakeFiles/cmTC_783c4.dir/build.make CMakeFiles/cmTC_783c4.dir/build
gmake[1]: Entering directory '/home/lukas/git/notsureyet/client/target/debug/build/libzmq-sys-6233d8a1394670a2/out/build/CMakeFiles/CMakeScratch/TryCompile-f6cDK2'
Building C object CMakeFiles/cmTC_783c4.dir/src.c.o
/usr/bin/cc -DZMQ_HAVE_TCP_KEEPCNT  -ffunction-sections -fdata-sections -fPIC -m64 -std=gnu11 -Wno-tautological-constant-compare  -o CMakeFiles/cmTC_783c4.dir/src.c.o -c /home/lukas/git/notsureyet/client/target/debug/build/libzmq-sys-6233d8a1394670a2/out/build/CMakeFiles/CMakeScratch/TryCompile-f6cDK2/src.c
Linking C executable cmTC_783c4
/usr/bin/cmake -E cmake_link_script CMakeFiles/cmTC_783c4.dir/link.txt --verbose=1
/usr/bin/cc  -ffunction-sections -fdata-sections -fPIC -m64 -std=gnu11 -Wno-tautological-constant-compare  -rdynamic CMakeFiles/cmTC_783c4.dir/src.c.o -o cmTC_783c4 
gmake[1]: Leaving directory '/home/lukas/git/notsureyet/client/target/debug/build/libzmq-sys-6233d8a1394670a2/out/build/CMakeFiles/CMakeScratch/TryCompile-f6cDK2'


...and run output:

Return value: 1
Source file was:

#include <sys/types.h>
#include <sys/socket.h>
#include <netinet/in.h>
#include <netinet/tcp.h>

int main(int argc, char *argv [])
{
    int s, rc, opt = 1;
    return(
       ((s = socket(PF_INET, SOCK_STREAM, 0)) == -1) ||
       ((rc = setsockopt(s, SOL_SOCKET, SO_KEEPALIVE,(char*) &opt, sizeof(int))) == -1) ||
       ((rc = setsockopt(s, IPPROTO_TCP, TCP_KEEPCNT,(char*) &opt, sizeof(int))) == -1)
    );
}


Performing C SOURCE FILE Test ZMQ_HAVE_TCP_KEEPIDLE succeeded with the following compile output:
Change Dir: /home/lukas/git/notsureyet/client/target/debug/build/libzmq-sys-6233d8a1394670a2/out/build/CMakeFiles/CMakeScratch/TryCompile-XQmwRs

Run Build Command(s):/usr/bin/gmake -f Makefile cmTC_a3cb7/fast && /usr/bin/gmake  -f CMakeFiles/cmTC_a3cb7.dir/build.make CMakeFiles/cmTC_a3cb7.dir/build
gmake[1]: Entering directory '/home/lukas/git/notsureyet/client/target/debug/build/libzmq-sys-6233d8a1394670a2/out/build/CMakeFiles/CMakeScratch/TryCompile-XQmwRs'
Building C object CMakeFiles/cmTC_a3cb7.dir/src.c.o
/usr/bin/cc -DZMQ_HAVE_TCP_KEEPIDLE  -ffunction-sections -fdata-sections -fPIC -m64 -std=gnu11 -Wno-tautological-constant-compare  -o CMakeFiles/cmTC_a3cb7.dir/src.c.o -c /home/lukas/git/notsureyet/client/target/debug/build/libzmq-sys-6233d8a1394670a2/out/build/CMakeFiles/CMakeScratch/TryCompile-XQmwRs/src.c
Linking C executable cmTC_a3cb7
/usr/bin/cmake -E cmake_link_script CMakeFiles/cmTC_a3cb7.dir/link.txt --verbose=1
/usr/bin/cc  -ffunction-sections -fdata-sections -fPIC -m64 -std=gnu11 -Wno-tautological-constant-compare  -rdynamic CMakeFiles/cmTC_a3cb7.dir/src.c.o -o cmTC_a3cb7 
gmake[1]: Leaving directory '/home/lukas/git/notsureyet/client/target/debug/build/libzmq-sys-6233d8a1394670a2/out/build/CMakeFiles/CMakeScratch/TryCompile-XQmwRs'


...and run output:

Return value: 1
Source file was:

#include <sys/types.h>
#include <sys/socket.h>
#include <netinet/in.h>
#include <netinet/tcp.h>

int main(int argc, char *argv [])
{
    int s, rc, opt = 1;
    return(
       ((s = socket(PF_INET, SOCK_STREAM, 0)) == -1) ||
       ((rc = setsockopt(s, SOL_SOCKET, SO_KEEPALIVE,(char*) &opt, sizeof(int))) == -1) ||
       ((rc = setsockopt(s, IPPROTO_TCP, TCP_KEEPIDLE,(char*) &opt, sizeof(int))) == -1)
    );
}


Performing C SOURCE FILE Test ZMQ_HAVE_TCP_KEEPINTVL succeeded with the following compile output:
Change Dir: /home/lukas/git/notsureyet/client/target/debug/build/libzmq-sys-6233d8a1394670a2/out/build/CMakeFiles/CMakeScratch/TryCompile-Cf1cXt

Run Build Command(s):/usr/bin/gmake -f Makefile cmTC_55798/fast && /usr/bin/gmake  -f CMakeFiles/cmTC_55798.dir/build.make CMakeFiles/cmTC_55798.dir/build
gmake[1]: Entering directory '/home/lukas/git/notsureyet/client/target/debug/build/libzmq-sys-6233d8a1394670a2/out/build/CMakeFiles/CMakeScratch/TryCompile-Cf1cXt'
Building C object CMakeFiles/cmTC_55798.dir/src.c.o
/usr/bin/cc -DZMQ_HAVE_TCP_KEEPINTVL  -ffunction-sections -fdata-sections -fPIC -m64 -std=gnu11 -Wno-tautological-constant-compare  -o CMakeFiles/cmTC_55798.dir/src.c.o -c /home/lukas/git/notsureyet/client/target/debug/build/libzmq-sys-6233d8a1394670a2/out/build/CMakeFiles/CMakeScratch/TryCompile-Cf1cXt/src.c
Linking C executable cmTC_55798
/usr/bin/cmake -E cmake_link_script CMakeFiles/cmTC_55798.dir/link.txt --verbose=1
/usr/bin/cc  -ffunction-sections -fdata-sections -fPIC -m64 -std=gnu11 -Wno-tautological-constant-compare  -rdynamic CMakeFiles/cmTC_55798.dir/src.c.o -o cmTC_55798 
gmake[1]: Leaving directory '/home/lukas/git/notsureyet/client/target/debug/build/libzmq-sys-6233d8a1394670a2/out/build/CMakeFiles/CMakeScratch/TryCompile-Cf1cXt'


...and run output:

Return value: 1
Source file was:

#include <sys/types.h>
#include <sys/socket.h>
#include <netinet/in.h>
#include <netinet/tcp.h>

int main(int argc, char *argv [])
{
    int s, rc, opt = 1;
    return(
       ((s = socket(PF_INET, SOCK_STREAM, 0)) == -1) ||
       ((rc = setsockopt(s, SOL_SOCKET, SO_KEEPALIVE,(char*) &opt, sizeof(int))) == -1) ||
       ((rc = setsockopt(s, IPPROTO_TCP, TCP_KEEPINTVL,(char*) &opt, sizeof(int))) == -1)
    );
}



Performing C SOURCE FILE Test ZMQ_HAVE_TIPC succeeded with the following compile output:
Change Dir: /home/lukas/git/notsureyet/client/target/debug/build/libzmq-sys-6233d8a1394670a2/out/build/CMakeFiles/CMakeScratch/TryCompile-pzZWCt

Run Build Command(s):/usr/bin/gmake -f Makefile cmTC_ec0d8/fast && /usr/bin/gmake  -f CMakeFiles/cmTC_ec0d8.dir/build.make CMakeFiles/cmTC_ec0d8.dir/build
gmake[1]: Entering directory '/home/lukas/git/notsureyet/client/target/debug/build/libzmq-sys-6233d8a1394670a2/out/build/CMakeFiles/CMakeScratch/TryCompile-pzZWCt'
Building C object CMakeFiles/cmTC_ec0d8.dir/src.c.o
/usr/bin/cc -DZMQ_HAVE_TIPC  -ffunction-sections -fdata-sections -fPIC -m64 -std=gnu11 -Wno-tautological-constant-compare  -o CMakeFiles/cmTC_ec0d8.dir/src.c.o -c /home/lukas/git/notsureyet/client/target/debug/build/libzmq-sys-6233d8a1394670a2/out/build/CMakeFiles/CMakeScratch/TryCompile-pzZWCt/src.c
Linking C executable cmTC_ec0d8
/usr/bin/cmake -E cmake_link_script CMakeFiles/cmTC_ec0d8.dir/link.txt --verbose=1
/usr/bin/cc  -ffunction-sections -fdata-sections -fPIC -m64 -std=gnu11 -Wno-tautological-constant-compare  -rdynamic CMakeFiles/cmTC_ec0d8.dir/src.c.o -o cmTC_ec0d8 
gmake[1]: Leaving directory '/home/lukas/git/notsureyet/client/target/debug/build/libzmq-sys-6233d8a1394670a2/out/build/CMakeFiles/CMakeScratch/TryCompile-pzZWCt'


...and run output:

Return value: 1
Source file was:

#include <stdlib.h>
#include <string.h>
#include <fcntl.h>
#include <errno.h>
#include <sys/socket.h>
#include <linux/tipc.h>

int main(int argc, char *argv [])
{
    struct sockaddr_tipc topsrv;
    int sd = socket(AF_TIPC, SOCK_SEQPACKET, 0);
    memset(&topsrv, 0, sizeof(topsrv));
    topsrv.family = AF_TIPC;
    topsrv.addrtype = TIPC_ADDR_NAME;
    topsrv.addr.name.name.type = TIPC_TOP_SRV;
    topsrv.addr.name.name.instance = TIPC_TOP_SRV;
    fcntl(sd, F_SETFL, O_NONBLOCK);
}


Performing C SOURCE FILE Test ZMQ_HAVE_PTHREAD_SETNAME_2 succeeded with the following compile output:
Change Dir: /home/lukas/git/notsureyet/client/target/debug/build/libzmq-sys-6233d8a1394670a2/out/build/CMakeFiles/CMakeScratch/TryCompile-RxqrCf

Run Build Command(s):/usr/bin/gmake -f Makefile cmTC_f7583/fast && /usr/bin/gmake  -f CMakeFiles/cmTC_f7583.dir/build.make CMakeFiles/cmTC_f7583.dir/build
gmake[1]: Entering directory '/home/lukas/git/notsureyet/client/target/debug/build/libzmq-sys-6233d8a1394670a2/out/build/CMakeFiles/CMakeScratch/TryCompile-RxqrCf'
Building C object CMakeFiles/cmTC_f7583.dir/src.c.o
/usr/bin/cc -DZMQ_HAVE_PTHREAD_SETNAME_2  -ffunction-sections -fdata-sections -fPIC -m64 -std=gnu11 -Wno-tautological-constant-compare -D_GNU_SOURCE -Werror -pthread -o CMakeFiles/cmTC_f7583.dir/src.c.o -c /home/lukas/git/notsureyet/client/target/debug/build/libzmq-sys-6233d8a1394670a2/out/build/CMakeFiles/CMakeScratch/TryCompile-RxqrCf/src.c
Linking C executable cmTC_f7583
/usr/bin/cmake -E cmake_link_script CMakeFiles/cmTC_f7583.dir/link.txt --verbose=1
/usr/bin/cc  -ffunction-sections -fdata-sections -fPIC -m64 -std=gnu11 -Wno-tautological-constant-compare -D_GNU_SOURCE -Werror -pthread -rdynamic CMakeFiles/cmTC_f7583.dir/src.c.o -o cmTC_f7583 
gmake[1]: Leaving directory '/home/lukas/git/notsureyet/client/target/debug/build/libzmq-sys-6233d8a1394670a2/out/build/CMakeFiles/CMakeScratch/TryCompile-RxqrCf'


...and run output:

Return value: 1
Source file was:

#include <pthread.h>

int main(int argc, char *argv [])
{
    pthread_setname_np (pthread_self(), "foo");
    return 0;
}


Performing C SOURCE FILE Test ZMQ_HAVE_PTHREAD_SETAFFINITY succeeded with the following compile output:
Change Dir: /home/lukas/git/notsureyet/client/target/debug/build/libzmq-sys-6233d8a1394670a2/out/build/CMakeFiles/CMakeScratch/TryCompile-bH0utU

Run Build Command(s):/usr/bin/gmake -f Makefile cmTC_4e5ce/fast && /usr/bin/gmake  -f CMakeFiles/cmTC_4e5ce.dir/build.make CMakeFiles/cmTC_4e5ce.dir/build
gmake[1]: Entering directory '/home/lukas/git/notsureyet/client/target/debug/build/libzmq-sys-6233d8a1394670a2/out/build/CMakeFiles/CMakeScratch/TryCompile-bH0utU'
Building C object CMakeFiles/cmTC_4e5ce.dir/src.c.o
/usr/bin/cc -DZMQ_HAVE_PTHREAD_SETAFFINITY  -ffunction-sections -fdata-sections -fPIC -m64 -std=gnu11 -Wno-tautological-constant-compare -D_GNU_SOURCE -Werror -pthread -o CMakeFiles/cmTC_4e5ce.dir/src.c.o -c /home/lukas/git/notsureyet/client/target/debug/build/libzmq-sys-6233d8a1394670a2/out/build/CMakeFiles/CMakeScratch/TryCompile-bH0utU/src.c
Linking C executable cmTC_4e5ce
/usr/bin/cmake -E cmake_link_script CMakeFiles/cmTC_4e5ce.dir/link.txt --verbose=1
/usr/bin/cc  -ffunction-sections -fdata-sections -fPIC -m64 -std=gnu11 -Wno-tautological-constant-compare -D_GNU_SOURCE -Werror -pthread -rdynamic CMakeFiles/cmTC_4e5ce.dir/src.c.o -o cmTC_4e5ce 
gmake[1]: Leaving directory '/home/lukas/git/notsureyet/client/target/debug/build/libzmq-sys-6233d8a1394670a2/out/build/CMakeFiles/CMakeScratch/TryCompile-bH0utU'


...and run output:

Return value: 1
Source file was:

#include <pthread.h>

int main(int argc, char *argv [])
{
    cpu_set_t test; 
    pthread_setaffinity_np (pthread_self(), sizeof(cpu_set_t), &test);
    return 0;
}


Performing C SOURCE FILE Test ZMQ_HAVE_GETRANDOM succeeded with the following compile output:
Change Dir: /home/lukas/git/notsureyet/client/target/debug/build/libzmq-sys-6233d8a1394670a2/out/build/CMakeFiles/CMakeScratch/TryCompile-4UrqNf

Run Build Command(s):/usr/bin/gmake -f Makefile cmTC_3f233/fast && /usr/bin/gmake  -f CMakeFiles/cmTC_3f233.dir/build.make CMakeFiles/cmTC_3f233.dir/build
gmake[1]: Entering directory '/home/lukas/git/notsureyet/client/target/debug/build/libzmq-sys-6233d8a1394670a2/out/build/CMakeFiles/CMakeScratch/TryCompile-4UrqNf'
Building C object CMakeFiles/cmTC_3f233.dir/src.c.o
/usr/bin/cc -DZMQ_HAVE_GETRANDOM  -ffunction-sections -fdata-sections -fPIC -m64 -std=gnu11 -Wno-tautological-constant-compare  -o CMakeFiles/cmTC_3f233.dir/src.c.o -c /home/lukas/git/notsureyet/client/target/debug/build/libzmq-sys-6233d8a1394670a2/out/build/CMakeFiles/CMakeScratch/TryCompile-4UrqNf/src.c
Linking C executable cmTC_3f233
/usr/bin/cmake -E cmake_link_script CMakeFiles/cmTC_3f233.dir/link.txt --verbose=1
/usr/bin/cc  -ffunction-sections -fdata-sections -fPIC -m64 -std=gnu11 -Wno-tautological-constant-compare  -rdynamic CMakeFiles/cmTC_3f233.dir/src.c.o -o cmTC_3f233 
gmake[1]: Leaving directory '/home/lukas/git/notsureyet/client/target/debug/build/libzmq-sys-6233d8a1394670a2/out/build/CMakeFiles/CMakeScratch/TryCompile-4UrqNf'


...and run output:

Return value: 1
Source file was:

#include <sys/random.h>

int main (int argc, char *argv [])
{
    char buf[4];
    int rc = getrandom(buf, 4, 0);
    return rc == -1 ? 1 : 0;
}


